#
# There is insufficient memory for the Java Runtime Environment to continue.
# Native memory allocation (mmap) failed to map 2064384 bytes. Error detail: G1 virtual space
# Possible reasons:
#   The system is out of physical RAM or swap space
#   This process is running with CompressedOops enabled, and the Java Heap may be blocking the growth of the native heap
# Possible solutions:
#   Reduce memory load on the system
#   Increase physical memory or swap space
#   Check if swap backing store is full
#   Decrease Java heap size (-Xmx/-Xms)
#   Decrease number of Java threads
#   Decrease Java thread stack sizes (-Xss)
#   Set larger code cache with -XX:ReservedCodeCacheSize=
#   JVM is running with Unscaled Compressed Oops mode in which the Java heap is
#     placed in the first 4GB address space. The Java Heap base address is the
#     maximum limit for the native heap growth. Please use -XX:HeapBaseMinAddress
#     to set the Java Heap base and to place the Java Heap above 4GB virtual address.
# This output file may be truncated or incomplete.
#
#  Out of Memory Error (os_windows.cpp:3564), pid=39220, tid=42832
#
# JRE version: OpenJDK Runtime Environment (24.0.1+9) (build 24.0.1+9-30)
# Java VM: OpenJDK 64-Bit Server VM (24.0.1+9-30, mixed mode, emulated-client, sharing, tiered, compressed oops, compressed class ptrs, g1 gc, windows-amd64)
# No core dump will be written. Minidumps are not enabled by default on client versions of Windows
#

---------------  S U M M A R Y ------------

Command Line: -agentlib:jdwp=transport=dt_socket,address=127.0.0.1:52299,suspend=y,server=n -javaagent:C:\Users\LapMart.lk\AppData\Local\JetBrains\IntelliJIdea2025.1\captureAgent\debugger-agent.jar=file:///C:/Users/LapMart.lk/AppData/Local/Temp/capture6458825224699333565.props -agentpath:C:\Users\LapMart.lk\AppData\Local\Temp\idea_libasyncProfiler_dll_temp_folder11\libasyncProfiler.dll=version,jfr,event=wall,interval=10ms,cstack=no,file=C:\Users\LapMart.lk\IdeaSnapshots\InkLinkApplication_2025_10_27_161648.jfr,dbghelppath=C:\Users\LapMart.lk\AppData\Local\Temp\idea_dbghelp_dll_temp_folder1\dbghelp.dll,log=C:\Users\LapMart.lk\AppData\Local\Temp\InkLinkApplication_2025_10_27_161648.jfr.log.txt,logLevel=DEBUG -XX:TieredStopAtLevel=1 -Dspring.output.ansi.enabled=always -Dcom.sun.management.jmxremote -Dspring.jmx.enabled=true -Dspring.liveBeansView.mbeanDomain -Dspring.application.admin.enabled=true -Dmanagement.endpoints.jmx.exposure.include=* -Dkotlinx.coroutines.debug.enable.creation.stack.trace=false -Ddebugger.agent.enable.coroutines=true -Dkotlinx.coroutines.debug.enable.flows.stack.trace=true -Dkotlinx.coroutines.debug.enable.mutable.state.flows.stack.trace=true -Dfile.encoding=UTF-8 -Dsun.stdout.encoding=UTF-8 -Dsun.stderr.encoding=UTF-8 com.project.inklink.InkLinkApplication

Host: 12th Gen Intel(R) Core(TM) i5-12450H, 12 cores, 7G,  Windows 11 , 64 bit Build 22621 (10.0.22621.5262)
Time: Mon Oct 27 16:16:54 2025 Sri Lanka Standard Time elapsed time: 6.557541 seconds (0d 0h 0m 6s)

---------------  T H R E A D  ---------------

Current thread (0x0000024a3a4e1220):  VMThread "VM Thread"          [id=42832, stack(0x0000009eec100000,0x0000009eec200000) (1024K)]

Stack: [0x0000009eec100000,0x0000009eec200000]
Native frames: (J=compiled Java code, j=interpreted, Vv=VM code, C=native code)
V  [jvm.dll+0x730739]  (no source info available)
V  [jvm.dll+0x8d9b23]  (no source info available)
V  [jvm.dll+0x8dc00d]  (no source info available)
V  [jvm.dll+0x8dc683]  (no source info available)
V  [jvm.dll+0x2aa086]  (no source info available)
V  [jvm.dll+0x72cc65]  (no source info available)
V  [jvm.dll+0x72059a]  (no source info available)
V  [jvm.dll+0x390cea]  (no source info available)
V  [jvm.dll+0x3989f6]  (no source info available)
V  [jvm.dll+0x385253]  (no source info available)
V  [jvm.dll+0x3854f8]  (no source info available)
V  [jvm.dll+0x35d0cc]  (no source info available)
V  [jvm.dll+0x35d15a]  (no source info available)
V  [jvm.dll+0x3aa702]  (no source info available)
V  [jvm.dll+0x3a8d82]  (no source info available)
V  [jvm.dll+0x35c897]  (no source info available)
V  [jvm.dll+0x3a8534]  (no source info available)
V  [jvm.dll+0x8e2742]  (no source info available)
V  [jvm.dll+0x8e3a8c]  (no source info available)
V  [jvm.dll+0x8e3ff8]  (no source info available)
V  [jvm.dll+0x8e4293]  (no source info available)
V  [jvm.dll+0x87d76b]  (no source info available)
V  [jvm.dll+0x72ee55]  (no source info available)
C  [ucrtbase.dll+0x29333]  (no source info available)
C  [KERNEL32.DLL+0x1259d]  (no source info available)
C  [ntdll.dll+0x5af58]  (no source info available)

VM_Operation (0x0000009eebafa350): G1CollectForAllocation, mode: safepoint, requested by thread 0x0000024a3a380cc0


---------------  P R O C E S S  ---------------

Threads class SMR info:
_java_thread_list=0x0000024a94e0e670, length=26, elements={
0x0000024a3a380cc0, 0x0000024a3a4f7e50, 0x0000024a3a4f8850, 0x0000024a3a4fad60,
0x0000024a3a4fdc70, 0x0000024a3a4fbaf0, 0x0000024a4c44df40, 0x0000024a4c45acb0,
0x0000024a4c537d70, 0x0000024a4c5b3200, 0x0000024a4c588c70, 0x0000024a4c589560,
0x0000024a4c5f6c70, 0x0000024a4c72b0c0, 0x0000024a4c752db0, 0x0000024a4ca26cb0,
0x0000024a92a62ec0, 0x0000024a93420030, 0x0000024a9341a120, 0x0000024a95010f00,
0x0000024a95011650, 0x0000024a95011da0, 0x0000024a95c1a710, 0x0000024a963f8970,
0x0000024a963f7ad0, 0x0000024a9d0c1f60
}

Java Threads: ( => current thread )
  0x0000024a3a380cc0 JavaThread "main"                              [_thread_blocked, id=30680, stack(0x0000009eeba00000,0x0000009eebb00000) (1024K)]
  0x0000024a3a4f7e50 JavaThread "Reference Handler"          daemon [_thread_blocked, id=30004, stack(0x0000009eec200000,0x0000009eec300000) (1024K)]
  0x0000024a3a4f8850 JavaThread "Finalizer"                  daemon [_thread_blocked, id=43472, stack(0x0000009eec300000,0x0000009eec400000) (1024K)]
  0x0000024a3a4fad60 JavaThread "Signal Dispatcher"          daemon [_thread_blocked, id=19660, stack(0x0000009eec400000,0x0000009eec500000) (1024K)]
  0x0000024a3a4fdc70 JavaThread "Attach Listener"            daemon [_thread_blocked, id=39928, stack(0x0000009eec500000,0x0000009eec600000) (1024K)]
  0x0000024a3a4fbaf0 JavaThread "Service Thread"             daemon [_thread_blocked, id=25340, stack(0x0000009eec600000,0x0000009eec700000) (1024K)]
  0x0000024a4c44df40 JavaThread "Monitor Deflation Thread"   daemon [_thread_blocked, id=43972, stack(0x0000009eec700000,0x0000009eec800000) (1024K)]
  0x0000024a4c45acb0 JavaThread "C1 CompilerThread0"         daemon [_thread_blocked, id=42944, stack(0x0000009eec800000,0x0000009eec900000) (1024K)]
  0x0000024a4c537d70 JavaThread "C1 CompilerThread1"         daemon [_thread_blocked, id=26552, stack(0x0000009eec900000,0x0000009eeca00000) (1024K)]
  0x0000024a4c5b3200 JavaThread "JDWP Transport Listener: dt_socket" daemon [_thread_blocked, id=35452, stack(0x0000009eeca00000,0x0000009eecb00000) (1024K)]
  0x0000024a4c588c70 JavaThread "JDWP Event Helper Thread"   daemon [_thread_blocked, id=33220, stack(0x0000009eecb00000,0x0000009eecc00000) (1024K)]
  0x0000024a4c589560 JavaThread "JDWP Command Reader"        daemon [_thread_in_native, id=30164, stack(0x0000009eecc00000,0x0000009eecd00000) (1024K)]
  0x0000024a4c5f6c70 JavaThread "Common-Cleaner"             daemon [_thread_blocked, id=35056, stack(0x0000009eecd00000,0x0000009eece00000) (1024K)]
  0x0000024a4c72b0c0 JavaThread "IntelliJ Suspend Helper"    daemon [_thread_blocked, id=31876, stack(0x0000009eece00000,0x0000009eecf00000) (1024K)]
  0x0000024a4c752db0 JavaThread "Notification Thread"        daemon [_thread_blocked, id=33156, stack(0x0000009eecf00000,0x0000009eed000000) (1024K)]
  0x0000024a4ca26cb0 JavaThread "C1 CompilerThread2"         daemon [_thread_blocked, id=35396, stack(0x0000009eed000000,0x0000009eed100000) (1024K)]
  0x0000024a92a62ec0 JavaThread "RMI TCP Accept-0"           daemon [_thread_in_native, id=19984, stack(0x0000009eed100000,0x0000009eed200000) (1024K)]
  0x0000024a93420030 JavaThread "RMI TCP Connection(2)-10.16.132.222" daemon [_thread_in_native, id=38968, stack(0x0000009eedc00000,0x0000009eedd00000) (1024K)]
  0x0000024a9341a120 JavaThread "RMI Scheduler(0)"           daemon [_thread_blocked, id=9396, stack(0x0000009eedd00000,0x0000009eede00000) (1024K)]
  0x0000024a95010f00 JavaThread "Catalina-utility-1"                [_thread_blocked, id=30852, stack(0x0000009eedb00000,0x0000009eedc00000) (1024K)]
  0x0000024a95011650 JavaThread "Catalina-utility-2"                [_thread_blocked, id=28208, stack(0x0000009eee000000,0x0000009eee100000) (1024K)]
  0x0000024a95011da0 JavaThread "container-0"                       [_thread_blocked, id=29120, stack(0x0000009eee100000,0x0000009eee200000) (1024K)]
  0x0000024a95c1a710 JavaThread "mysql-cj-abandoned-connection-cleanup" daemon [_thread_blocked, id=35352, stack(0x0000009eee200000,0x0000009eee300000) (1024K)]
  0x0000024a963f8970 JavaThread "HikariPool-1:housekeeper"   daemon [_thread_blocked, id=30372, stack(0x0000009eee300000,0x0000009eee400000) (1024K)]
  0x0000024a963f7ad0 JavaThread "HikariPool-1:connection-adder" daemon [_thread_blocked, id=40744, stack(0x0000009eee400000,0x0000009eee500000) (1024K)]
  0x0000024a9d0c1f60 JavaThread "RMI TCP Connection(3)-10.16.132.222" daemon [_thread_in_native, id=36624, stack(0x0000009eee500000,0x0000009eee600000) (1024K)]
Total: 26

Other Threads:
=>0x0000024a3a4e1220 VMThread "VM Thread"                           [id=42832, stack(0x0000009eec100000,0x0000009eec200000) (1024K)]
  0x0000024a4c44ce10 WatcherThread "VM Periodic Task Thread"        [id=42504, stack(0x0000009eec000000,0x0000009eec100000) (1024K)]
  0x0000024a3a3e0580 WorkerThread "GC Thread#0"                     [id=24184, stack(0x0000009eebb00000,0x0000009eebc00000) (1024K)]
  0x0000024a93127b90 WorkerThread "GC Thread#1"                     [id=6184, stack(0x0000009eed200000,0x0000009eed300000) (1024K)]
  0x0000024a93129cc0 WorkerThread "GC Thread#2"                     [id=32928, stack(0x0000009eed300000,0x0000009eed400000) (1024K)]
  0x0000024a93128e00 WorkerThread "GC Thread#3"                     [id=17512, stack(0x0000009eed400000,0x0000009eed500000) (1024K)]
  0x0000024a9312a420 WorkerThread "GC Thread#4"                     [id=31916, stack(0x0000009eed500000,0x0000009eed600000) (1024K)]
  0x0000024a931291b0 WorkerThread "GC Thread#5"                     [id=36764, stack(0x0000009eed600000,0x0000009eed700000) (1024K)]
  0x0000024a93127f40 WorkerThread "GC Thread#6"                     [id=41828, stack(0x0000009eed700000,0x0000009eed800000) (1024K)]
  0x0000024a931282f0 WorkerThread "GC Thread#7"                     [id=19976, stack(0x0000009eed800000,0x0000009eed900000) (1024K)]
  0x0000024a93129560 WorkerThread "GC Thread#8"                     [id=37188, stack(0x0000009eed900000,0x0000009eeda00000) (1024K)]
  0x0000024a9312a7d0 WorkerThread "GC Thread#9"                     [id=36340, stack(0x0000009eeda00000,0x0000009eedb00000) (1024K)]
  0x0000024a3a3f5350 ConcurrentGCThread "G1 Main Marker"            [id=31220, stack(0x0000009eebc00000,0x0000009eebd00000) (1024K)]
  0x0000024a3a3f5e60 WorkerThread "G1 Conc#0"                       [id=19800, stack(0x0000009eebd00000,0x0000009eebe00000) (1024K)]
  0x0000024a9346dd10 WorkerThread "G1 Conc#1"                       [id=32916, stack(0x0000009eede00000,0x0000009eedf00000) (1024K)]
  0x0000024a9346e470 WorkerThread "G1 Conc#2"                       [id=23684, stack(0x0000009eedf00000,0x0000009eee000000) (1024K)]
  0x0000024a3a4c2120 ConcurrentGCThread "G1 Refine#0"               [id=19124, stack(0x0000009eebe00000,0x0000009eebf00000) (1024K)]
  0x0000024a3a4c2ca0 ConcurrentGCThread "G1 Service"                [id=28676, stack(0x0000009eebf00000,0x0000009eec000000) (1024K)]
Total: 18

Threads with active compile tasks:
Total: 0

VM state: at safepoint (normal execution)

VM Mutex/Monitor currently owned by a thread:  ([mutex/lock_event])
[0x00007ffa1e8044b0] Threads_lock - owner thread: 0x0000024a3a4e1220
[0x00007ffa1e8045b0] Heap_lock - owner thread: 0x0000024a3a380cc0

Heap address: 0x0000000084800000, size: 1976 MB, Compressed Oops mode: 32-bit

CDS archive(s) mapped at: [0x0000024a4d000000-0x0000024a4dd40000-0x0000024a4dd40000), size 13893632, SharedBaseAddress: 0x0000024a4d000000, ArchiveRelocationMode: 1.
Compressed class space mapped at: 0x0000024a4e000000-0x0000024a8e000000, reserved size: 1073741824
UseCompressedClassPointers 1, UseCompactObjectHeaders 0
Narrow klass pointer bits 32, Max shift 3
Narrow klass base: 0x0000024a4d000000, Narrow klass shift: 0
Encoding Range: [0x0000024a4d000000 - 0x0000024b4d000000), (4294967296 bytes)
Klass Range:    [0x0000024a4d000000 - 0x0000024a8e000000), (1090519040 bytes)
Klass ID Range:  [8 - 1090519033) (1090519025)

GC Precious Log:
 CardTable entry size: 512
 Card Set container configuration: InlinePtr #cards 5 size 8 Array Of Cards #cards 10 size 36 Howl #buckets 4 coarsen threshold 1843 Howl Bitmap #cards 512 size 80 coarsen threshold 460 Card regions per heap region 1 cards per card region 2048
 CPUs: 12 total, 12 available
 Memory: 7896M
 Large Page Support: Disabled
 NUMA Support: Disabled
 Compressed Oops: Enabled (32-bit)
 Heap Region Size: 1M
 Heap Min Capacity: 8M
 Heap Initial Capacity: 124M
 Heap Max Capacity: 1976M
 Pre-touch: Disabled
 Parallel Workers: 10
 Concurrent Workers: 3
 Concurrent Refinement Workers: 10
 Periodic GC: Disabled

Heap:
 garbage-first heap   total reserved 2023424K, committed 167936K, used 85739K [0x0000000084800000, 0x0000000100000000)
  region size 1024K, 3 young (3072K), 3 survivors (3072K)
 Metaspace       used 81880K, committed 82432K, reserved 1179648K
  class space    used 9434K, committed 9664K, reserved 1048576K

Heap Regions: E=young(eden), S=young(survivor), O=old, HS=humongous(starts), HC=humongous(continues), CS=collection set, F=free, TAMS=top-at-mark-start, PB=parsable bottom
|   0|0x0000000084800000, 0x0000000084900000, 0x0000000084900000|100%|HS|  |TAMS 0x0000000084800000| PB 0x0000000084800000| Complete |  0
|   1|0x0000000084900000, 0x0000000084a00000, 0x0000000084a00000|100%|HS|  |TAMS 0x0000000084900000| PB 0x0000000084900000| Complete |  0
|   2|0x0000000084a00000, 0x0000000084b00000, 0x0000000084b00000|100%| O|  |TAMS 0x0000000084a00000| PB 0x0000000084a00000| Untracked |  0
|   3|0x0000000084b00000, 0x0000000084c00000, 0x0000000084c00000|100%| O|  |TAMS 0x0000000084b00000| PB 0x0000000084b00000| Untracked |  0
|   4|0x0000000084c00000, 0x0000000084d00000, 0x0000000084d00000|100%| O|  |TAMS 0x0000000084c00000| PB 0x0000000084c00000| Untracked |  0
|   5|0x0000000084d00000, 0x0000000084e00000, 0x0000000084e00000|100%| O|  |TAMS 0x0000000084d00000| PB 0x0000000084d00000| Untracked |  0
|   6|0x0000000084e00000, 0x0000000084f00000, 0x0000000084f00000|100%| O|  |TAMS 0x0000000084e00000| PB 0x0000000084e00000| Untracked |  0
|   7|0x0000000084f00000, 0x0000000085000000, 0x0000000085000000|100%| O|  |TAMS 0x0000000084f00000| PB 0x0000000084f00000| Untracked |  0
|   8|0x0000000085000000, 0x0000000085100000, 0x0000000085100000|100%| O|  |TAMS 0x0000000085000000| PB 0x0000000085000000| Untracked |  0
|   9|0x0000000085100000, 0x0000000085200000, 0x0000000085200000|100%| O|  |TAMS 0x0000000085100000| PB 0x0000000085100000| Untracked |  0
|  10|0x0000000085200000, 0x0000000085300000, 0x0000000085300000|100%| O|  |TAMS 0x0000000085200000| PB 0x0000000085200000| Untracked |  0
|  11|0x0000000085300000, 0x0000000085400000, 0x0000000085400000|100%| O|  |TAMS 0x0000000085300000| PB 0x0000000085300000| Untracked |  0
|  12|0x0000000085400000, 0x0000000085500000, 0x0000000085500000|100%| O|  |TAMS 0x0000000085400000| PB 0x0000000085400000| Untracked |  0
|  13|0x0000000085500000, 0x0000000085600000, 0x0000000085600000|100%| O|  |TAMS 0x0000000085500000| PB 0x0000000085500000| Untracked |  0
|  14|0x0000000085600000, 0x0000000085700000, 0x0000000085700000|100%| O|  |TAMS 0x0000000085600000| PB 0x0000000085600000| Untracked |  0
|  15|0x0000000085700000, 0x0000000085800000, 0x0000000085800000|100%| O|  |TAMS 0x0000000085700000| PB 0x0000000085700000| Untracked |  0
|  16|0x0000000085800000, 0x0000000085900000, 0x0000000085900000|100%| O|  |TAMS 0x0000000085800000| PB 0x0000000085800000| Untracked |  0
|  17|0x0000000085900000, 0x0000000085a00000, 0x0000000085a00000|100%| O|  |TAMS 0x0000000085900000| PB 0x0000000085900000| Untracked |  0
|  18|0x0000000085a00000, 0x0000000085b00000, 0x0000000085b00000|100%| O|  |TAMS 0x0000000085a00000| PB 0x0000000085a00000| Untracked |  0
|  19|0x0000000085b00000, 0x0000000085c00000, 0x0000000085c00000|100%| O|  |TAMS 0x0000000085b00000| PB 0x0000000085b00000| Untracked |  0
|  20|0x0000000085c00000, 0x0000000085d00000, 0x0000000085d00000|100%| O|  |TAMS 0x0000000085c00000| PB 0x0000000085c00000| Untracked |  0
|  21|0x0000000085d00000, 0x0000000085e00000, 0x0000000085e00000|100%| O|  |TAMS 0x0000000085d00000| PB 0x0000000085d00000| Untracked |  0
|  22|0x0000000085e00000, 0x0000000085f00000, 0x0000000085f00000|100%| O|  |TAMS 0x0000000085e00000| PB 0x0000000085e00000| Untracked |  0
|  23|0x0000000085f00000, 0x0000000086000000, 0x0000000086000000|100%| O|  |TAMS 0x0000000085f00000| PB 0x0000000085f00000| Untracked |  0
|  24|0x0000000086000000, 0x0000000086100000, 0x0000000086100000|100%| O|  |TAMS 0x0000000086000000| PB 0x0000000086000000| Untracked |  0
|  25|0x0000000086100000, 0x0000000086200000, 0x0000000086200000|100%| O|  |TAMS 0x0000000086100000| PB 0x0000000086100000| Untracked |  0
|  26|0x0000000086200000, 0x0000000086300000, 0x0000000086300000|100%| O|  |TAMS 0x0000000086200000| PB 0x0000000086200000| Untracked |  0
|  27|0x0000000086300000, 0x0000000086400000, 0x0000000086400000|100%| O|  |TAMS 0x0000000086300000| PB 0x0000000086300000| Untracked |  0
|  28|0x0000000086400000, 0x0000000086500000, 0x0000000086500000|100%| O|  |TAMS 0x0000000086400000| PB 0x0000000086400000| Untracked |  0
|  29|0x0000000086500000, 0x0000000086600000, 0x0000000086600000|100%| O|  |TAMS 0x0000000086500000| PB 0x0000000086500000| Untracked |  0
|  30|0x0000000086600000, 0x0000000086700000, 0x0000000086700000|100%| O|  |TAMS 0x0000000086600000| PB 0x0000000086600000| Untracked |  0
|  31|0x0000000086700000, 0x0000000086800000, 0x0000000086800000|100%| O|  |TAMS 0x0000000086700000| PB 0x0000000086700000| Untracked |  0
|  32|0x0000000086800000, 0x0000000086900000, 0x0000000086900000|100%| O|  |TAMS 0x0000000086800000| PB 0x0000000086800000| Untracked |  0
|  33|0x0000000086900000, 0x0000000086a00000, 0x0000000086a00000|100%| O|  |TAMS 0x0000000086900000| PB 0x0000000086900000| Untracked |  0
|  34|0x0000000086a00000, 0x0000000086b00000, 0x0000000086b00000|100%| O|  |TAMS 0x0000000086a00000| PB 0x0000000086a00000| Untracked |  0
|  35|0x0000000086b00000, 0x0000000086b00000, 0x0000000086c00000|  0%| F|  |TAMS 0x0000000086b00000| PB 0x0000000086b00000| Untracked |  0
|  36|0x0000000086c00000, 0x0000000086d00000, 0x0000000086d00000|100%| O|  |TAMS 0x0000000086c00000| PB 0x0000000086c00000| Untracked |  0
|  37|0x0000000086d00000, 0x0000000086e00000, 0x0000000086e00000|100%| O|  |TAMS 0x0000000086d00000| PB 0x0000000086d00000| Untracked |  0
|  38|0x0000000086e00000, 0x0000000086f00000, 0x0000000086f00000|100%| O|  |TAMS 0x0000000086e00000| PB 0x0000000086e00000| Untracked |  0
|  39|0x0000000086f00000, 0x0000000087000000, 0x0000000087000000|100%| O|  |TAMS 0x0000000086f00000| PB 0x0000000086f00000| Untracked |  0
|  40|0x0000000087000000, 0x0000000087100000, 0x0000000087100000|100%| O|  |TAMS 0x0000000087000000| PB 0x0000000087000000| Untracked |  0
|  41|0x0000000087100000, 0x0000000087200000, 0x0000000087200000|100%| O|  |TAMS 0x0000000087100000| PB 0x0000000087100000| Untracked |  0
|  42|0x0000000087200000, 0x0000000087300000, 0x0000000087300000|100%| O|  |TAMS 0x0000000087200000| PB 0x0000000087200000| Untracked |  0
|  43|0x0000000087300000, 0x0000000087400000, 0x0000000087400000|100%| O|  |TAMS 0x0000000087300000| PB 0x0000000087300000| Untracked |  0
|  44|0x0000000087400000, 0x0000000087400000, 0x0000000087500000|  0%| F|  |TAMS 0x0000000087400000| PB 0x0000000087400000| Untracked |  0
|  45|0x0000000087500000, 0x0000000087600000, 0x0000000087600000|100%| O|  |TAMS 0x0000000087500000| PB 0x0000000087500000| Untracked |  0
|  46|0x0000000087600000, 0x0000000087700000, 0x0000000087700000|100%| O|  |TAMS 0x0000000087600000| PB 0x0000000087600000| Untracked |  0
|  47|0x0000000087700000, 0x0000000087800000, 0x0000000087800000|100%| O|  |TAMS 0x0000000087700000| PB 0x0000000087700000| Untracked |  0
|  48|0x0000000087800000, 0x0000000087900000, 0x0000000087900000|100%| O|  |TAMS 0x0000000087800000| PB 0x0000000087800000| Untracked |  0
|  49|0x0000000087900000, 0x0000000087a00000, 0x0000000087a00000|100%| O|  |TAMS 0x0000000087900000| PB 0x0000000087900000| Untracked |  0
|  50|0x0000000087a00000, 0x0000000087b00000, 0x0000000087b00000|100%| O|  |TAMS 0x0000000087a00000| PB 0x0000000087a00000| Untracked |  0
|  51|0x0000000087b00000, 0x0000000087c00000, 0x0000000087c00000|100%| O|  |TAMS 0x0000000087b00000| PB 0x0000000087b00000| Untracked |  0
|  52|0x0000000087c00000, 0x0000000087d00000, 0x0000000087d00000|100%| O|  |TAMS 0x0000000087c00000| PB 0x0000000087c00000| Untracked |  0
|  53|0x0000000087d00000, 0x0000000087e00000, 0x0000000087e00000|100%| O|  |TAMS 0x0000000087d00000| PB 0x0000000087d00000| Untracked |  0
|  54|0x0000000087e00000, 0x0000000087f00000, 0x0000000087f00000|100%| O|  |TAMS 0x0000000087e00000| PB 0x0000000087e00000| Untracked |  0
|  55|0x0000000087f00000, 0x0000000088000000, 0x0000000088000000|100%| O|  |TAMS 0x0000000087f00000| PB 0x0000000087f00000| Untracked |  0
|  56|0x0000000088000000, 0x0000000088100000, 0x0000000088100000|100%| O|  |TAMS 0x0000000088000000| PB 0x0000000088000000| Untracked |  0
|  57|0x0000000088100000, 0x0000000088200000, 0x0000000088200000|100%| O|  |TAMS 0x0000000088100000| PB 0x0000000088100000| Untracked |  0
|  58|0x0000000088200000, 0x0000000088300000, 0x0000000088300000|100%| O|  |TAMS 0x0000000088200000| PB 0x0000000088200000| Untracked |  0
|  59|0x0000000088300000, 0x0000000088400000, 0x0000000088400000|100%| O|  |TAMS 0x0000000088300000| PB 0x0000000088300000| Untracked |  0
|  60|0x0000000088400000, 0x0000000088500000, 0x0000000088500000|100%| O|  |TAMS 0x0000000088400000| PB 0x0000000088400000| Untracked |  0
|  61|0x0000000088500000, 0x0000000088600000, 0x0000000088600000|100%| O|  |TAMS 0x0000000088500000| PB 0x0000000088500000| Untracked |  0
|  62|0x0000000088600000, 0x0000000088700000, 0x0000000088700000|100%| O|  |TAMS 0x0000000088600000| PB 0x0000000088600000| Untracked |  0
|  63|0x0000000088700000, 0x0000000088800000, 0x0000000088800000|100%| O|  |TAMS 0x0000000088700000| PB 0x0000000088700000| Untracked |  0
|  64|0x0000000088800000, 0x0000000088900000, 0x0000000088900000|100%| O|  |TAMS 0x0000000088800000| PB 0x0000000088800000| Untracked |  0
|  65|0x0000000088900000, 0x0000000088a00000, 0x0000000088a00000|100%| O|  |TAMS 0x0000000088900000| PB 0x0000000088900000| Untracked |  0
|  66|0x0000000088a00000, 0x0000000088b00000, 0x0000000088b00000|100%| O|  |TAMS 0x0000000088a00000| PB 0x0000000088a00000| Untracked |  0
|  67|0x0000000088b00000, 0x0000000088c00000, 0x0000000088c00000|100%| O|  |TAMS 0x0000000088b00000| PB 0x0000000088b00000| Untracked |  0
|  68|0x0000000088c00000, 0x0000000088d00000, 0x0000000088d00000|100%| O|  |TAMS 0x0000000088c00000| PB 0x0000000088c00000| Untracked |  0
|  69|0x0000000088d00000, 0x0000000088e00000, 0x0000000088e00000|100%| O|  |TAMS 0x0000000088d00000| PB 0x0000000088d00000| Untracked |  0
|  70|0x0000000088e00000, 0x0000000088f00000, 0x0000000088f00000|100%| O|  |TAMS 0x0000000088e00000| PB 0x0000000088e00000| Untracked |  0
|  71|0x0000000088f00000, 0x0000000089000000, 0x0000000089000000|100%| O|  |TAMS 0x0000000088f00000| PB 0x0000000088f00000| Untracked |  0
|  72|0x0000000089000000, 0x0000000089100000, 0x0000000089100000|100%| O|  |TAMS 0x0000000089000000| PB 0x0000000089000000| Untracked |  0
|  73|0x0000000089100000, 0x0000000089200000, 0x0000000089200000|100%| O|  |TAMS 0x0000000089100000| PB 0x0000000089100000| Untracked |  0
|  74|0x0000000089200000, 0x0000000089300000, 0x0000000089300000|100%| O|  |TAMS 0x0000000089200000| PB 0x0000000089200000| Untracked |  0
|  75|0x0000000089300000, 0x0000000089400000, 0x0000000089400000|100%| O|  |TAMS 0x0000000089300000| PB 0x0000000089300000| Untracked |  0
|  76|0x0000000089400000, 0x0000000089500000, 0x0000000089500000|100%| O|  |TAMS 0x0000000089400000| PB 0x0000000089400000| Untracked |  0
|  77|0x0000000089500000, 0x0000000089600000, 0x0000000089600000|100%| O|  |TAMS 0x0000000089500000| PB 0x0000000089500000| Untracked |  0
|  78|0x0000000089600000, 0x0000000089700000, 0x0000000089700000|100%| O|  |TAMS 0x0000000089600000| PB 0x0000000089600000| Untracked |  0
|  79|0x0000000089700000, 0x0000000089800000, 0x0000000089800000|100%| O|  |TAMS 0x0000000089700000| PB 0x0000000089700000| Untracked |  0
|  80|0x0000000089800000, 0x0000000089900000, 0x0000000089900000|100%| O|  |TAMS 0x0000000089800000| PB 0x0000000089800000| Untracked |  0
|  81|0x0000000089900000, 0x0000000089a00000, 0x0000000089a00000|100%| O|  |TAMS 0x0000000089900000| PB 0x0000000089900000| Untracked |  0
|  82|0x0000000089a00000, 0x0000000089a494d0, 0x0000000089b00000| 28%| O|  |TAMS 0x0000000089a00000| PB 0x0000000089a00000| Untracked |  0
|  83|0x0000000089b00000, 0x0000000089b00000, 0x0000000089c00000|  0%| F|  |TAMS 0x0000000089b00000| PB 0x0000000089b00000| Untracked |  0
|  84|0x0000000089c00000, 0x0000000089c00000, 0x0000000089d00000|  0%| F|  |TAMS 0x0000000089c00000| PB 0x0000000089c00000| Untracked |  0
|  85|0x0000000089d00000, 0x0000000089d00000, 0x0000000089e00000|  0%| F|  |TAMS 0x0000000089d00000| PB 0x0000000089d00000| Untracked |  0
|  86|0x0000000089e00000, 0x0000000089e00000, 0x0000000089f00000|  0%| F|  |TAMS 0x0000000089e00000| PB 0x0000000089e00000| Untracked |  0
|  87|0x0000000089f00000, 0x0000000089f00000, 0x000000008a000000|  0%| F|  |TAMS 0x0000000089f00000| PB 0x0000000089f00000| Untracked |  0
|  88|0x000000008a000000, 0x000000008a000000, 0x000000008a100000|  0%| F|  |TAMS 0x000000008a000000| PB 0x000000008a000000| Untracked |  0
|  89|0x000000008a100000, 0x000000008a100000, 0x000000008a200000|  0%| F|  |TAMS 0x000000008a100000| PB 0x000000008a100000| Untracked |  0
|  90|0x000000008a200000, 0x000000008a200000, 0x000000008a300000|  0%| F|  |TAMS 0x000000008a200000| PB 0x000000008a200000| Untracked |  0
|  91|0x000000008a300000, 0x000000008a300000, 0x000000008a400000|  0%| F|  |TAMS 0x000000008a300000| PB 0x000000008a300000| Untracked |  0
|  92|0x000000008a400000, 0x000000008a400000, 0x000000008a500000|  0%| F|  |TAMS 0x000000008a400000| PB 0x000000008a400000| Untracked |  0
|  93|0x000000008a500000, 0x000000008a500000, 0x000000008a600000|  0%| F|  |TAMS 0x000000008a500000| PB 0x000000008a500000| Untracked |  0
|  94|0x000000008a600000, 0x000000008a600000, 0x000000008a700000|  0%| F|  |TAMS 0x000000008a600000| PB 0x000000008a600000| Untracked |  0
|  95|0x000000008a700000, 0x000000008a700000, 0x000000008a800000|  0%| F|  |TAMS 0x000000008a700000| PB 0x000000008a700000| Untracked |  0
|  96|0x000000008a800000, 0x000000008a800000, 0x000000008a900000|  0%| F|  |TAMS 0x000000008a800000| PB 0x000000008a800000| Untracked |  0
|  97|0x000000008a900000, 0x000000008a900000, 0x000000008aa00000|  0%| F|  |TAMS 0x000000008a900000| PB 0x000000008a900000| Untracked |  0
|  98|0x000000008aa00000, 0x000000008aa00000, 0x000000008ab00000|  0%| F|  |TAMS 0x000000008aa00000| PB 0x000000008aa00000| Untracked |  0
|  99|0x000000008ab00000, 0x000000008ab00000, 0x000000008ac00000|  0%| F|  |TAMS 0x000000008ab00000| PB 0x000000008ab00000| Untracked |  0
| 100|0x000000008ac00000, 0x000000008ac00000, 0x000000008ad00000|  0%| F|  |TAMS 0x000000008ac00000| PB 0x000000008ac00000| Untracked |  0
| 101|0x000000008ad00000, 0x000000008ad00000, 0x000000008ae00000|  0%| F|  |TAMS 0x000000008ad00000| PB 0x000000008ad00000| Untracked |  0
| 102|0x000000008ae00000, 0x000000008ae00000, 0x000000008af00000|  0%| F|  |TAMS 0x000000008ae00000| PB 0x000000008ae00000| Untracked |  0
| 103|0x000000008af00000, 0x000000008af718c0, 0x000000008b000000| 44%| S|CS|TAMS 0x000000008af00000| PB 0x000000008af00000| Complete |  0
| 104|0x000000008b000000, 0x000000008b000000, 0x000000008b100000|  0%| F|  |TAMS 0x000000008b000000| PB 0x000000008b000000| Untracked |  0
| 105|0x000000008b100000, 0x000000008b100000, 0x000000008b200000|  0%| F|  |TAMS 0x000000008b100000| PB 0x000000008b100000| Untracked |  0
| 106|0x000000008b200000, 0x000000008b300000, 0x000000008b300000|100%| S|CS|TAMS 0x000000008b200000| PB 0x000000008b200000| Complete |  0
| 107|0x000000008b300000, 0x000000008b400000, 0x000000008b400000|100%| S|CS|TAMS 0x000000008b300000| PB 0x000000008b300000| Complete |  0
| 108|0x000000008b400000, 0x000000008b400000, 0x000000008b500000|  0%| F|  |TAMS 0x000000008b400000| PB 0x000000008b400000| Untracked |  0
| 109|0x000000008b500000, 0x000000008b500000, 0x000000008b600000|  0%| F|  |TAMS 0x000000008b500000| PB 0x000000008b500000| Untracked |  0
| 110|0x000000008b600000, 0x000000008b600000, 0x000000008b700000|  0%| F|  |TAMS 0x000000008b600000| PB 0x000000008b600000| Untracked |  0
| 111|0x000000008b700000, 0x000000008b700000, 0x000000008b800000|  0%| F|  |TAMS 0x000000008b700000| PB 0x000000008b700000| Untracked |  0
| 112|0x000000008b800000, 0x000000008b800000, 0x000000008b900000|  0%| F|  |TAMS 0x000000008b800000| PB 0x000000008b800000| Untracked |  0
| 113|0x000000008b900000, 0x000000008b900000, 0x000000008ba00000|  0%| F|  |TAMS 0x000000008b900000| PB 0x000000008b900000| Untracked |  0
| 114|0x000000008ba00000, 0x000000008ba00000, 0x000000008bb00000|  0%| F|  |TAMS 0x000000008ba00000| PB 0x000000008ba00000| Untracked |  0
| 115|0x000000008bb00000, 0x000000008bb00000, 0x000000008bc00000|  0%| F|  |TAMS 0x000000008bb00000| PB 0x000000008bb00000| Untracked |  0
| 116|0x000000008bc00000, 0x000000008bc00000, 0x000000008bd00000|  0%| F|  |TAMS 0x000000008bc00000| PB 0x000000008bc00000| Untracked |  0
| 117|0x000000008bd00000, 0x000000008bd00000, 0x000000008be00000|  0%| F|  |TAMS 0x000000008bd00000| PB 0x000000008bd00000| Untracked |  0
| 118|0x000000008be00000, 0x000000008be00000, 0x000000008bf00000|  0%| F|  |TAMS 0x000000008be00000| PB 0x000000008be00000| Untracked |  0
| 119|0x000000008bf00000, 0x000000008bf00000, 0x000000008c000000|  0%| F|  |TAMS 0x000000008bf00000| PB 0x000000008bf00000| Untracked |  0
| 120|0x000000008c000000, 0x000000008c000000, 0x000000008c100000|  0%| F|  |TAMS 0x000000008c000000| PB 0x000000008c000000| Untracked |  0
| 121|0x000000008c100000, 0x000000008c100000, 0x000000008c200000|  0%| F|  |TAMS 0x000000008c100000| PB 0x000000008c100000| Untracked |  0
| 122|0x000000008c200000, 0x000000008c200000, 0x000000008c300000|  0%| F|  |TAMS 0x000000008c200000| PB 0x000000008c200000| Untracked |  0
| 123|0x000000008c300000, 0x000000008c300000, 0x000000008c400000|  0%| F|  |TAMS 0x000000008c300000| PB 0x000000008c300000| Untracked |  0
| 124|0x000000008c400000, 0x000000008c400000, 0x000000008c500000|  0%| F|  |TAMS 0x000000008c400000| PB 0x000000008c400000| Untracked |  0
| 125|0x000000008c500000, 0x000000008c500000, 0x000000008c600000|  0%| F|  |TAMS 0x000000008c500000| PB 0x000000008c500000| Untracked |  0
| 126|0x000000008c600000, 0x000000008c600000, 0x000000008c700000|  0%| F|  |TAMS 0x000000008c600000| PB 0x000000008c600000| Untracked |  0
| 127|0x000000008c700000, 0x000000008c700000, 0x000000008c800000|  0%| F|  |TAMS 0x000000008c700000| PB 0x000000008c700000| Untracked |  0
| 128|0x000000008c800000, 0x000000008c800000, 0x000000008c900000|  0%| F|  |TAMS 0x000000008c800000| PB 0x000000008c800000| Untracked |  0
| 129|0x000000008c900000, 0x000000008c900000, 0x000000008ca00000|  0%| F|  |TAMS 0x000000008c900000| PB 0x000000008c900000| Untracked |  0
| 130|0x000000008ca00000, 0x000000008ca00000, 0x000000008cb00000|  0%| F|  |TAMS 0x000000008ca00000| PB 0x000000008ca00000| Untracked |  0
| 131|0x000000008cb00000, 0x000000008cb00000, 0x000000008cc00000|  0%| F|  |TAMS 0x000000008cb00000| PB 0x000000008cb00000| Untracked |  0
| 132|0x000000008cc00000, 0x000000008cc00000, 0x000000008cd00000|  0%| F|  |TAMS 0x000000008cc00000| PB 0x000000008cc00000| Untracked |  0
| 133|0x000000008cd00000, 0x000000008cd00000, 0x000000008ce00000|  0%| F|  |TAMS 0x000000008cd00000| PB 0x000000008cd00000| Untracked |  0
| 134|0x000000008ce00000, 0x000000008ce00000, 0x000000008cf00000|  0%| F|  |TAMS 0x000000008ce00000| PB 0x000000008ce00000| Untracked |  0
| 135|0x000000008cf00000, 0x000000008cf00000, 0x000000008d000000|  0%| F|  |TAMS 0x000000008cf00000| PB 0x000000008cf00000| Untracked |  0
| 136|0x000000008d000000, 0x000000008d000000, 0x000000008d100000|  0%| F|  |TAMS 0x000000008d000000| PB 0x000000008d000000| Untracked |  0
| 137|0x000000008d100000, 0x000000008d100000, 0x000000008d200000|  0%| F|  |TAMS 0x000000008d100000| PB 0x000000008d100000| Untracked |  0
| 138|0x000000008d200000, 0x000000008d200000, 0x000000008d300000|  0%| F|  |TAMS 0x000000008d200000| PB 0x000000008d200000| Untracked |  0
| 139|0x000000008d300000, 0x000000008d300000, 0x000000008d400000|  0%| F|  |TAMS 0x000000008d300000| PB 0x000000008d300000| Untracked |  0
| 140|0x000000008d400000, 0x000000008d400000, 0x000000008d500000|  0%| F|  |TAMS 0x000000008d400000| PB 0x000000008d400000| Untracked |  0
| 141|0x000000008d500000, 0x000000008d500000, 0x000000008d600000|  0%| F|  |TAMS 0x000000008d500000| PB 0x000000008d500000| Untracked |  0
| 142|0x000000008d600000, 0x000000008d600000, 0x000000008d700000|  0%| F|  |TAMS 0x000000008d600000| PB 0x000000008d600000| Untracked |  0
| 143|0x000000008d700000, 0x000000008d700000, 0x000000008d800000|  0%| F|  |TAMS 0x000000008d700000| PB 0x000000008d700000| Untracked |  0
| 144|0x000000008d800000, 0x000000008d800000, 0x000000008d900000|  0%| F|  |TAMS 0x000000008d800000| PB 0x000000008d800000| Untracked |  0
| 145|0x000000008d900000, 0x000000008d900000, 0x000000008da00000|  0%| F|  |TAMS 0x000000008d900000| PB 0x000000008d900000| Untracked |  0
| 146|0x000000008da00000, 0x000000008da00000, 0x000000008db00000|  0%| F|  |TAMS 0x000000008da00000| PB 0x000000008da00000| Untracked |  0
| 147|0x000000008db00000, 0x000000008db00000, 0x000000008dc00000|  0%| F|  |TAMS 0x000000008db00000| PB 0x000000008db00000| Untracked |  0
| 148|0x000000008dc00000, 0x000000008dc00000, 0x000000008dd00000|  0%| F|  |TAMS 0x000000008dc00000| PB 0x000000008dc00000| Untracked |  0
| 149|0x000000008dd00000, 0x000000008dd00000, 0x000000008de00000|  0%| F|  |TAMS 0x000000008dd00000| PB 0x000000008dd00000| Untracked |  0
| 150|0x000000008de00000, 0x000000008de00000, 0x000000008df00000|  0%| F|  |TAMS 0x000000008de00000| PB 0x000000008de00000| Untracked |  0
| 151|0x000000008df00000, 0x000000008df00000, 0x000000008e000000|  0%| F|  |TAMS 0x000000008df00000| PB 0x000000008df00000| Untracked |  0
| 152|0x000000008e000000, 0x000000008e000000, 0x000000008e100000|  0%| F|  |TAMS 0x000000008e000000| PB 0x000000008e000000| Untracked |  0
| 153|0x000000008e100000, 0x000000008e100000, 0x000000008e200000|  0%| F|  |TAMS 0x000000008e100000| PB 0x000000008e100000| Untracked |  0
| 154|0x000000008e200000, 0x000000008e200000, 0x000000008e300000|  0%| F|  |TAMS 0x000000008e200000| PB 0x000000008e200000| Untracked |  0
| 155|0x000000008e300000, 0x000000008e300000, 0x000000008e400000|  0%| F|  |TAMS 0x000000008e300000| PB 0x000000008e300000| Untracked |  0
| 156|0x000000008e400000, 0x000000008e400000, 0x000000008e500000|  0%| F|  |TAMS 0x000000008e400000| PB 0x000000008e400000| Untracked |  0
| 157|0x000000008e500000, 0x000000008e500000, 0x000000008e600000|  0%| F|  |TAMS 0x000000008e500000| PB 0x000000008e500000| Untracked |  0
| 158|0x000000008e600000, 0x000000008e600000, 0x000000008e700000|  0%| F|  |TAMS 0x000000008e600000| PB 0x000000008e600000| Untracked |  0
| 159|0x000000008e700000, 0x000000008e700000, 0x000000008e800000|  0%| F|  |TAMS 0x000000008e700000| PB 0x000000008e700000| Untracked |  0
| 160|0x000000008e800000, 0x000000008e800000, 0x000000008e900000|  0%| F|  |TAMS 0x000000008e800000| PB 0x000000008e800000| Untracked |  0
| 161|0x000000008e900000, 0x000000008e900000, 0x000000008ea00000|  0%| F|  |TAMS 0x000000008e900000| PB 0x000000008e900000| Untracked |  0
|1974|0x00000000ffe00000, 0x00000000fff00000, 0x00000000fff00000|100%| O|  |TAMS 0x00000000ffe00000| PB 0x00000000ffe00000| Untracked |  0
|1975|0x00000000fff00000, 0x00000000fff00000, 0x0000000100000000|  0%| F|  |TAMS 0x00000000fff00000| PB 0x00000000fff00000| Untracked |  0

Card table byte_map: [0x0000024a475b0000,0x0000024a47990000] _byte_map_base: 0x0000024a4718c000

Marking Bits: (CMBitMap*) 0x0000024a3a3e0ba0
 Bits: [0x0000024a47990000, 0x0000024a49870000)

Polling page: 0x0000024a39f70000

Metaspace:

Usage:
  Non-class:     70.75 MB used.
      Class:      9.21 MB used.
       Both:     79.96 MB used.

Virtual space:
  Non-class space:      128.00 MB reserved,      71.06 MB ( 56%) committed,  2 nodes.
      Class space:        1.00 GB reserved,       9.44 MB ( <1%) committed,  1 nodes.
             Both:        1.12 GB reserved,      80.50 MB (  7%) committed. 

Chunk freelists:
   Non-Class:  8.69 MB
       Class:  6.44 MB
        Both:  15.12 MB

MaxMetaspaceSize: unlimited
CompressedClassSpaceSize: 1.00 GB
Initial GC threshold: 21.00 MB
Current GC threshold: 132.19 MB
CDS: on
 - commit_granule_bytes: 65536.
 - commit_granule_words: 8192.
 - virtual_space_node_default_size: 8388608.
 - enlarge_chunks_in_place: 1.
UseCompressedClassPointers 1, UseCompactObjectHeaders 0
Narrow klass pointer bits 32, Max shift 3
Narrow klass base: 0x0000024a4d000000, Narrow klass shift: 0
Encoding Range: [0x0000024a4d000000 - 0x0000024b4d000000), (4294967296 bytes)
Klass Range:    [0x0000024a4d000000 - 0x0000024a8e000000), (1090519040 bytes)
Klass ID Range:  [8 - 1090519033) (1090519025)


Internal statistics:

num_allocs_failed_limit: 9.
num_arena_births: 694.
num_arena_deaths: 0.
num_vsnodes_births: 3.
num_vsnodes_deaths: 0.
num_space_committed: 1288.
num_space_uncommitted: 0.
num_chunks_returned_to_freelist: 9.
num_chunks_taken_from_freelist: 3391.
num_chunk_merges: 9.
num_chunk_splits: 2547.
num_chunks_enlarged: 2162.
num_inconsistent_stats: 0.

CodeCache: size=49152Kb used=11186Kb max_used=11186Kb free=37966Kb
 bounds [0x0000024a43840000, 0x0000024a44330000, 0x0000024a46840000]
 total_blobs=7868, nmethods=7133, adapters=658, full_count=0
Compilation: enabled, stopped_count=0, restarted_count=0

Compilation events (20 events):
Event: 6.548 Thread 0x0000024a4c537d70 nmethod 7261 0x0000024a4432a008 code [0x0000024a4432a100, 0x0000024a4432a1c8]
Event: 6.548 Thread 0x0000024a4c45acb0 nmethod 7262 0x0000024a4432a308 code [0x0000024a4432a420, 0x0000024a4432a520]
Event: 6.549 Thread 0x0000024a4c537d70 7263       1       java.util.concurrent.atomic.AtomicBoolean::get (13 bytes)
Event: 6.549 Thread 0x0000024a4c537d70 nmethod 7263 0x0000024a4432a608 code [0x0000024a4432a700, 0x0000024a4432a7d8]
Event: 6.549 Thread 0x0000024a4ca26cb0 7264   !   1       jdk.proxy2.$Proxy46::annotationType (28 bytes)
Event: 6.549 Thread 0x0000024a4c537d70 7265       1       org.springframework.context.support.AbstractApplicationContext::assertBeanFactoryActive (55 bytes)
Event: 6.549 Thread 0x0000024a4ca26cb0 nmethod 7264 0x0000024a4432a908 code [0x0000024a4432aa40, 0x0000024a4432aca0]
Event: 6.549 Thread 0x0000024a4ca26cb0 7267       1       org.springframework.context.support.ApplicationObjectSupport::getApplicationContext (36 bytes)
Event: 6.549 Thread 0x0000024a4c45acb0 7266       1       org.springframework.context.support.ApplicationObjectSupport::obtainApplicationContext (21 bytes)
Event: 6.549 Thread 0x0000024a4c45acb0 nmethod 7266 0x0000024a4432ad08 code [0x0000024a4432ae40, 0x0000024a4432afe8]
Event: 6.549 Thread 0x0000024a4c537d70 nmethod 7265 0x0000024a4432b088 code [0x0000024a4432b1e0, 0x0000024a4432b4c8]
Event: 6.549 Thread 0x0000024a4ca26cb0 nmethod 7267 0x0000024a4432b508 code [0x0000024a4432b640, 0x0000024a4432b838]
Event: 6.549 Thread 0x0000024a4ca26cb0 7268       1       org.springframework.context.support.AbstractApplicationContext::getType (15 bytes)
Event: 6.549 Thread 0x0000024a4c45acb0 7269   !   1       org.springframework.web.servlet.handler.AbstractHandlerMethodMapping::processCandidateBean (63 bytes)
Event: 6.549 Thread 0x0000024a4c537d70 7270       1       org.springframework.web.servlet.mvc.method.annotation.RequestMappingHandlerMapping::isHandler (7 bytes)
Event: 6.549 Thread 0x0000024a4ca26cb0 nmethod 7268 0x0000024a4432b888 code [0x0000024a4432b9a0, 0x0000024a4432bad8]
Event: 6.549 Thread 0x0000024a4c537d70 nmethod 7270 0x0000024a4432bb88 code [0x0000024a4432bca0, 0x0000024a4432bd98]
Event: 6.550 Thread 0x0000024a4c45acb0 nmethod 7269 0x0000024a4432be88 code [0x0000024a4432c040, 0x0000024a4432c450]
Event: 6.551 Thread 0x0000024a4ca26cb0 7271       1       org.springframework.core.BridgeMethodResolver::isBridgeMethodFor (35 bytes)
Event: 6.551 Thread 0x0000024a4ca26cb0 nmethod 7271 0x0000024a4432c508 code [0x0000024a4432c640, 0x0000024a4432c7c8]

GC Heap History (20 events):
Event: 5.255 GC heap after
{Heap after GC invocations=21 (full 0):
 garbage-first heap   total reserved 2023424K, committed 83968K, used 37927K [0x0000000084800000, 0x0000000100000000)
  region size 1024K, 4 young (4096K), 4 survivors (4096K)
 Metaspace       used 76567K, committed 77120K, reserved 1179648K
  class space    used 8724K, committed 8960K, reserved 1048576K
}
Event: 5.301 GC heap before
{Heap before GC invocations=21 (full 0):
 garbage-first heap   total reserved 2023424K, committed 83968K, used 72743K [0x0000000084800000, 0x0000000100000000)
  region size 1024K, 39 young (39936K), 4 survivors (4096K)
 Metaspace       used 76569K, committed 77120K, reserved 1179648K
  class space    used 8724K, committed 8960K, reserved 1048576K
}
Event: 5.307 GC heap after
{Heap after GC invocations=22 (full 0):
 garbage-first heap   total reserved 2023424K, committed 83968K, used 43210K [0x0000000084800000, 0x0000000100000000)
  region size 1024K, 5 young (5120K), 5 survivors (5120K)
 Metaspace       used 76569K, committed 77120K, reserved 1179648K
  class space    used 8724K, committed 8960K, reserved 1048576K
}
Event: 5.340 GC heap before
{Heap before GC invocations=22 (full 0):
 garbage-first heap   total reserved 2023424K, committed 83968K, used 72906K [0x0000000084800000, 0x0000000100000000)
  region size 1024K, 34 young (34816K), 5 survivors (5120K)
 Metaspace       used 76569K, committed 77120K, reserved 1179648K
  class space    used 8724K, committed 8960K, reserved 1048576K
}
Event: 5.345 GC heap after
{Heap after GC invocations=23 (full 0):
 garbage-first heap   total reserved 2023424K, committed 83968K, used 47685K [0x0000000084800000, 0x0000000100000000)
  region size 1024K, 5 young (5120K), 5 survivors (5120K)
 Metaspace       used 76569K, committed 77120K, reserved 1179648K
  class space    used 8724K, committed 8960K, reserved 1048576K
}
Event: 5.430 GC heap before
{Heap before GC invocations=23 (full 0):
 garbage-first heap   total reserved 2023424K, committed 83968K, used 72261K [0x0000000084800000, 0x0000000100000000)
  region size 1024K, 29 young (29696K), 5 survivors (5120K)
 Metaspace       used 76822K, committed 77376K, reserved 1179648K
  class space    used 8774K, committed 9024K, reserved 1048576K
}
Event: 5.432 GC heap after
{Heap after GC invocations=24 (full 0):
 garbage-first heap   total reserved 2023424K, committed 83968K, used 44747K [0x0000000084800000, 0x0000000100000000)
  region size 1024K, 1 young (1024K), 1 survivors (1024K)
 Metaspace       used 76822K, committed 77376K, reserved 1179648K
  class space    used 8774K, committed 9024K, reserved 1048576K
}
Event: 5.557 GC heap before
{Heap before GC invocations=25 (full 0):
 garbage-first heap   total reserved 2023424K, committed 83968K, used 73419K [0x0000000084800000, 0x0000000100000000)
  region size 1024K, 30 young (30720K), 1 survivors (1024K)
 Metaspace       used 77268K, committed 77824K, reserved 1179648K
  class space    used 8832K, committed 9088K, reserved 1048576K
}
Event: 5.561 GC heap after
{Heap after GC invocations=26 (full 0):
 garbage-first heap   total reserved 2023424K, committed 83968K, used 48046K [0x0000000084800000, 0x0000000100000000)
  region size 1024K, 4 young (4096K), 4 survivors (4096K)
 Metaspace       used 77268K, committed 77824K, reserved 1179648K
  class space    used 8832K, committed 9088K, reserved 1048576K
}
Event: 5.607 GC heap before
{Heap before GC invocations=26 (full 0):
 garbage-first heap   total reserved 2023424K, committed 83968K, used 74670K [0x0000000084800000, 0x0000000100000000)
  region size 1024K, 30 young (30720K), 4 survivors (4096K)
 Metaspace       used 77319K, committed 77888K, reserved 1179648K
  class space    used 8838K, committed 9088K, reserved 1048576K
}
Event: 5.612 GC heap after
{Heap after GC invocations=27 (full 0):
 garbage-first heap   total reserved 2023424K, committed 167936K, used 46672K [0x0000000084800000, 0x0000000100000000)
  region size 1024K, 3 young (3072K), 3 survivors (3072K)
 Metaspace       used 77319K, committed 77888K, reserved 1179648K
  class space    used 8838K, committed 9088K, reserved 1048576K
}
Event: 5.758 GC heap before
{Heap before GC invocations=27 (full 0):
 garbage-first heap   total reserved 2023424K, committed 167936K, used 144976K [0x0000000084800000, 0x0000000100000000)
  region size 1024K, 98 young (100352K), 3 survivors (3072K)
 Metaspace       used 77320K, committed 77888K, reserved 1179648K
  class space    used 8838K, committed 9088K, reserved 1048576K
}
Event: 5.767 GC heap after
{Heap after GC invocations=28 (full 0):
 garbage-first heap   total reserved 2023424K, committed 167936K, used 67046K [0x0000000084800000, 0x0000000100000000)
  region size 1024K, 13 young (13312K), 13 survivors (13312K)
 Metaspace       used 77320K, committed 77888K, reserved 1179648K
  class space    used 8838K, committed 9088K, reserved 1048576K
}
Event: 5.854 GC heap before
{Heap before GC invocations=28 (full 0):
 garbage-first heap   total reserved 2023424K, committed 167936K, used 125414K [0x0000000084800000, 0x0000000100000000)
  region size 1024K, 70 young (71680K), 13 survivors (13312K)
 Metaspace       used 77525K, committed 78016K, reserved 1179648K
  class space    used 8924K, committed 9152K, reserved 1048576K
}
Event: 5.863 GC heap after
{Heap after GC invocations=29 (full 0):
 garbage-first heap   total reserved 2023424K, committed 167936K, used 79188K [0x0000000084800000, 0x0000000100000000)
  region size 1024K, 9 young (9216K), 9 survivors (9216K)
 Metaspace       used 77525K, committed 78016K, reserved 1179648K
  class space    used 8924K, committed 9152K, reserved 1048576K
}
Event: 6.119 GC heap before
{Heap before GC invocations=29 (full 0):
 garbage-first heap   total reserved 2023424K, committed 167936K, used 132436K [0x0000000084800000, 0x0000000100000000)
  region size 1024K, 61 young (62464K), 9 survivors (9216K)
 Metaspace       used 80570K, committed 81216K, reserved 1179648K
  class space    used 9263K, committed 9536K, reserved 1048576K
}
Event: 6.125 GC heap after
{Heap after GC invocations=30 (full 0):
 garbage-first heap   total reserved 2023424K, committed 167936K, used 86688K [0x0000000084800000, 0x0000000100000000)
  region size 1024K, 6 young (6144K), 6 survivors (6144K)
 Metaspace       used 80570K, committed 81216K, reserved 1179648K
  class space    used 9263K, committed 9536K, reserved 1048576K
}
Event: 6.237 GC heap before
{Heap before GC invocations=31 (full 0):
 garbage-first heap   total reserved 2023424K, committed 167936K, used 137888K [0x0000000084800000, 0x0000000100000000)
  region size 1024K, 58 young (59392K), 6 survivors (6144K)
 Metaspace       used 80577K, committed 81216K, reserved 1179648K
  class space    used 9264K, committed 9536K, reserved 1048576K
}
Event: 6.240 GC heap after
{Heap after GC invocations=32 (full 0):
 garbage-first heap   total reserved 2023424K, committed 167936K, used 86215K [0x0000000084800000, 0x0000000100000000)
  region size 1024K, 2 young (2048K), 2 survivors (2048K)
 Metaspace       used 80577K, committed 81216K, reserved 1179648K
  class space    used 9264K, committed 9536K, reserved 1048576K
}
Event: 6.552 GC heap before
{Heap before GC invocations=32 (full 0):
 garbage-first heap   total reserved 2023424K, committed 167936K, used 142535K [0x0000000084800000, 0x0000000100000000)
  region size 1024K, 57 young (58368K), 2 survivors (2048K)
 Metaspace       used 81880K, committed 82432K, reserved 1179648K
  class space    used 9434K, committed 9664K, reserved 1048576K
}

Dll operation events (11 events):
Event: 0.012 Loaded shared library C:\Users\LapMart.lk\.jdks\openjdk-24.0.1\bin\java.dll
Event: 0.013 Loaded shared library C:\Users\LapMart.lk\.jdks\openjdk-24.0.1\bin\zip.dll
Event: 0.119 Loaded shared library C:\Users\LapMart.lk\.jdks\openjdk-24.0.1\bin\instrument.dll
Event: 0.181 Loaded shared library C:\Users\LapMart.lk\.jdks\openjdk-24.0.1\bin\jimage.dll
Event: 0.203 Loaded shared library C:\Users\LapMart.lk\.jdks\openjdk-24.0.1\bin\net.dll
Event: 0.204 Loaded shared library C:\Users\LapMart.lk\.jdks\openjdk-24.0.1\bin\nio.dll
Event: 0.220 Loaded shared library C:\Users\LapMart.lk\.jdks\openjdk-24.0.1\bin\zip.dll
Event: 0.323 Loaded shared library C:\Users\LapMart.lk\.jdks\openjdk-24.0.1\bin\management.dll
Event: 0.339 Loaded shared library C:\Users\LapMart.lk\.jdks\openjdk-24.0.1\bin\management_ext.dll
Event: 0.599 Loaded shared library C:\Users\LapMart.lk\.jdks\openjdk-24.0.1\bin\extnet.dll
Event: 1.557 Loaded shared library C:\Users\LapMart.lk\.jdks\openjdk-24.0.1\bin\sunmscapi.dll

Deoptimization events (20 events):
Event: 6.501 Thread 0x0000024a3a380cc0 DEOPT PACKING pc=0x0000024a43c218d1 sp=0x0000009eebafa950
Event: 6.501 Thread 0x0000024a3a380cc0 DEOPT UNPACKING pc=0x0000024a43895722 sp=0x0000009eebaf9df8 mode 1
Event: 6.501 Thread 0x0000024a3a380cc0 DEOPT PACKING pc=0x0000024a43c2150c sp=0x0000009eebafa9b0
Event: 6.501 Thread 0x0000024a3a380cc0 DEOPT UNPACKING pc=0x0000024a43895722 sp=0x0000009eebaf9e58 mode 1
Event: 6.501 Thread 0x0000024a3a380cc0 DEOPT PACKING pc=0x0000024a43dee04c sp=0x0000009eebafb320
Event: 6.501 Thread 0x0000024a3a380cc0 DEOPT UNPACKING pc=0x0000024a43895722 sp=0x0000009eebafa850 mode 1
Event: 6.501 Thread 0x0000024a3a380cc0 DEOPT PACKING pc=0x0000024a43c218d1 sp=0x0000009eebafa950
Event: 6.501 Thread 0x0000024a3a380cc0 DEOPT UNPACKING pc=0x0000024a43895722 sp=0x0000009eebaf9df8 mode 1
Event: 6.501 Thread 0x0000024a3a380cc0 DEOPT PACKING pc=0x0000024a43c2150c sp=0x0000009eebafa9b0
Event: 6.501 Thread 0x0000024a3a380cc0 DEOPT UNPACKING pc=0x0000024a43895722 sp=0x0000009eebaf9e58 mode 1
Event: 6.501 Thread 0x0000024a3a380cc0 DEOPT PACKING pc=0x0000024a43dee04c sp=0x0000009eebafb320
Event: 6.501 Thread 0x0000024a3a380cc0 DEOPT UNPACKING pc=0x0000024a43895722 sp=0x0000009eebafa850 mode 1
Event: 6.503 Thread 0x0000024a3a380cc0 DEOPT PACKING pc=0x0000024a43e157f4 sp=0x0000009eebafbfa0
Event: 6.503 Thread 0x0000024a3a380cc0 DEOPT UNPACKING pc=0x0000024a43895722 sp=0x0000009eebafb4c0 mode 1
Event: 6.503 Thread 0x0000024a3a380cc0 DEOPT PACKING pc=0x0000024a43e157f4 sp=0x0000009eebafbfa0
Event: 6.503 Thread 0x0000024a3a380cc0 DEOPT UNPACKING pc=0x0000024a43895722 sp=0x0000009eebafb4c0 mode 1
Event: 6.508 Thread 0x0000024a3a380cc0 DEOPT PACKING pc=0x0000024a43e157f4 sp=0x0000009eebafb370
Event: 6.508 Thread 0x0000024a3a380cc0 DEOPT UNPACKING pc=0x0000024a43895722 sp=0x0000009eebafa890 mode 1
Event: 6.508 Thread 0x0000024a3a380cc0 DEOPT PACKING pc=0x0000024a43e157f4 sp=0x0000009eebafb370
Event: 6.508 Thread 0x0000024a3a380cc0 DEOPT UNPACKING pc=0x0000024a43895722 sp=0x0000009eebafa890 mode 1

Classes loaded (20 events):
Event: 6.539 Loading class org/springframework/web/servlet/handler/AbstractHandlerMethodMapping
Event: 6.539 Loading class org/springframework/web/servlet/handler/AbstractHandlerMethodMapping done
Event: 6.541 Loading class org/springframework/web/method/HandlerMethod$MethodValidationInitializer
Event: 6.541 Loading class org/springframework/web/method/HandlerMethod$MethodValidationInitializer done
Event: 6.541 Loading class org/springframework/core/annotation/MergedAnnotation
Event: 6.541 Loading class org/springframework/core/annotation/MergedAnnotation done
Event: 6.542 Loading class org/springframework/web/bind/annotation/PathVariable
Event: 6.542 Loading class org/springframework/web/bind/annotation/PathVariable done
Event: 6.543 Loading class org/springframework/web/servlet/handler/AbstractHandlerMethodMapping$MappingRegistration
Event: 6.543 Loading class org/springframework/web/servlet/handler/AbstractHandlerMethodMapping$MappingRegistration done
Event: 6.543 Loading class org/springframework/web/bind/annotation/RequestParam
Event: 6.543 Loading class org/springframework/web/bind/annotation/RequestParam done
Event: 6.545 Loading class org/springframework/boot/web/error/ErrorAttributeOptions
Event: 6.545 Loading class org/springframework/boot/web/error/ErrorAttributeOptions done
Event: 6.546 Loading class org/springframework/http/HttpStatus
Event: 6.546 Loading class org/springframework/http/HttpStatus done
Event: 6.547 Loading class org/springframework/util/PlaceholderParser$TextPart
Event: 6.547 Loading class org/springframework/util/PlaceholderParser$TextPart done
Event: 6.547 Loading class org/springframework/util/PlaceholderParser$NestedPlaceholderPart
Event: 6.547 Loading class org/springframework/util/PlaceholderParser$NestedPlaceholderPart done

Classes unloaded (0 events):
No events

Classes redefined (1 events):
Event: 0.154 Thread 0x0000024a3a4e1220 redefined class name=java.lang.Throwable, count=1

Internal exceptions (20 events):
Event: 4.529 Thread 0x0000024a3a380cc0 Exception <a 'java/lang/IncompatibleClassChangeError'{0x000000008762d780}: Found class java.lang.Object, but interface was expected> (0x000000008762d780) 
thrown [s\open\src\hotspot\share\interpreter\linkResolver.cpp, line 872]
Event: 4.610 Thread 0x0000024a3a380cc0 Exception <a 'java/lang/IncompatibleClassChangeError'{0x0000000086e1f238}: Found class java.lang.Object, but interface was expected> (0x0000000086e1f238) 
thrown [s\open\src\hotspot\share\interpreter\linkResolver.cpp, line 872]
Event: 4.711 Thread 0x0000024a3a380cc0 Exception <a 'java/lang/IncompatibleClassChangeError'{0x0000000089fe80b0}: Found class java.lang.Object, but interface was expected> (0x0000000089fe80b0) 
thrown [s\open\src\hotspot\share\interpreter\linkResolver.cpp, line 872]
Event: 4.711 Thread 0x0000024a3a380cc0 Exception <a 'java/lang/IncompatibleClassChangeError'{0x0000000089ff8158}: Found class java.lang.Object, but interface was expected> (0x0000000089ff8158) 
thrown [s\open\src\hotspot\share\interpreter\linkResolver.cpp, line 872]
Event: 4.752 Thread 0x0000024a3a380cc0 Exception <a 'java/lang/NoSuchMethodError'{0x0000000089df0990}: 'java.lang.Object java.lang.invoke.DirectMethodHandle$Holder.invokeStatic(java.lang.Object, int, java.lang.Object)'> (0x0000000089df0990) 
thrown [s\open\src\hotspot\share\interpreter\linkResolver.cpp, line 805]
Event: 5.436 Thread 0x0000024a3a380cc0 Exception <a 'java/io/FileNotFoundException'{0x00000000fff17eb0}> (0x00000000fff17eb0) 
thrown [s\open\src\hotspot\share\prims\jni.cpp, line 518]
Event: 5.437 Thread 0x0000024a3a380cc0 Exception <a 'java/io/FileNotFoundException'{0x00000000fff21a68}> (0x00000000fff21a68) 
thrown [s\open\src\hotspot\share\prims\jni.cpp, line 518]
Event: 5.437 Thread 0x0000024a3a380cc0 Exception <a 'java/io/FileNotFoundException'{0x00000000fff2b800}> (0x00000000fff2b800) 
thrown [s\open\src\hotspot\share\prims\jni.cpp, line 518]
Event: 5.437 Thread 0x0000024a3a380cc0 Exception <a 'java/io/FileNotFoundException'{0x00000000fff35560}> (0x00000000fff35560) 
thrown [s\open\src\hotspot\share\prims\jni.cpp, line 518]
Event: 5.500 Thread 0x0000024a3a380cc0 Exception <a 'java/lang/NoSuchMethodError'{0x0000000089d19c98}: 'int java.lang.invoke.DirectMethodHandle$Holder.invokeStaticInit(java.lang.Object, int, java.lang.Object, java.lang.Object, java.lang.Object, java.lang.Object)'> (0x0000000089d19c98) 
thrown [s\open\src\hotspot\share\interpreter\linkResolver.cpp, line 805]
Event: 5.965 Thread 0x0000024a3a380cc0 Exception <a 'java/lang/NoSuchMethodError'{0x000000008c3f4b28}: 'java.lang.Object java.lang.invoke.DirectMethodHandle$Holder.invokeInterface(java.lang.Object, java.lang.Object, int)'> (0x000000008c3f4b28) 
thrown [s\open\src\hotspot\share\interpreter\linkResolver.cpp, line 805]
Event: 5.966 Thread 0x0000024a3a380cc0 Exception <a 'java/lang/IncompatibleClassChangeError'{0x000000008c21b928}: Found class java.lang.Object, but interface was expected> (0x000000008c21b928) 
thrown [s\open\src\hotspot\share\interpreter\linkResolver.cpp, line 872]
Event: 5.970 Thread 0x0000024a3a380cc0 Exception <a 'java/lang/NoSuchMethodError'{0x000000008c26baf8}: 'java.lang.Object java.lang.invoke.DirectMethodHandle$Holder.invokeStatic(java.lang.Object, java.lang.Object, java.lang.Object, java.lang.Object, java.lang.Object, java.lang.Object, java.lang.Object, java.lang.Object, java.lang.Object, java.lang.Object, java.lang.Object)'> (0x000000008c26baf8) 
thrown [s\open\src\hotspot\share\interpreter\linkResolver.cpp, line 805]
Event: 6.039 Thread 0x0000024a3a380cc0 Exception <a 'java/lang/IncompatibleClassChangeError'{0x000000008bc65ce0}: Found class java.lang.Object, but interface was expected> (0x000000008bc65ce0) 
thrown [s\open\src\hotspot\share\interpreter\linkResolver.cpp, line 872]
Event: 6.083 Thread 0x0000024a3a380cc0 Exception <a 'java/lang/NoSuchMethodError'{0x000000008b802a68}: 'void java.lang.invoke.DirectMethodHandle$Holder.invokeSpecial(java.lang.Object, java.lang.Object, int, java.lang.Object, java.lang.Object, java.lang.Object, java.lang.Object)'> (0x000000008b802a68) 
thrown [s\open\src\hotspot\share\interpreter\linkResolver.cpp, line 805]
Event: 6.085 Thread 0x0000024a3a380cc0 Exception <a 'java/lang/NoSuchMethodError'{0x000000008b822650}: 'int java.lang.invoke.DirectMethodHandle$Holder.invokeStatic(java.lang.Object, java.lang.Object, int, int)'> (0x000000008b822650) 
thrown [s\open\src\hotspot\share\interpreter\linkResolver.cpp, line 805]
Event: 6.095 Thread 0x0000024a3a380cc0 Exception <a 'java/lang/NoSuchMethodError'{0x000000008b8ae500}: 'java.lang.Object java.lang.invoke.DirectMethodHandle$Holder.invokeInterface(java.lang.Object, java.lang.Object, java.lang.Object, java.lang.Object)'> (0x000000008b8ae500) 
thrown [s\open\src\hotspot\share\interpreter\linkResolver.cpp, line 805]
Event: 6.112 Thread 0x0000024a3a380cc0 Exception <a 'java/lang/IncompatibleClassChangeError'{0x000000008b7aaee0}: Found class java.lang.Object, but interface was expected> (0x000000008b7aaee0) 
thrown [s\open\src\hotspot\share\interpreter\linkResolver.cpp, line 872]
Event: 6.436 Thread 0x0000024a3a380cc0 Exception <a 'java/lang/NoSuchMethodError'{0x000000008bef3520}: 'java.lang.Object java.lang.invoke.DirectMethodHandle$Holder.newInvokeSpecial(java.lang.Object, java.lang.Object, java.lang.Object, java.lang.Object, java.lang.Object, java.lang.Object, java.lang.Object, java.lang.Object)'> (0x000000008bef3520) 
thrown [s\open\src\hotspot\share\interpreter\linkResolver.cpp, line 805]
Event: 6.482 Thread 0x0000024a3a380cc0 Exception <a 'java/io/IOException'{0x000000008b9821b0}> (0x000000008b9821b0) 
thrown [s\open\src\hotspot\share\prims\jni.cpp, line 518]

VM Operations (20 events):
Event: 5.767 Executing VM operation: G1CollectForAllocation (G1 Evacuation Pause) done
Event: 5.854 Executing VM operation: G1CollectForAllocation (G1 Evacuation Pause)
Event: 5.863 Executing VM operation: G1CollectForAllocation (G1 Evacuation Pause) done
Event: 6.052 Executing VM operation: HandshakeAllThreads (Deoptimize)
Event: 6.052 Executing VM operation: HandshakeAllThreads (Deoptimize) done
Event: 6.119 Executing VM operation: G1CollectForAllocation (G1 Evacuation Pause)
Event: 6.125 Executing VM operation: G1CollectForAllocation (G1 Evacuation Pause) done
Event: 6.156 Executing VM operation: G1PauseRemark
Event: 6.158 Executing VM operation: G1PauseRemark done
Event: 6.167 Executing VM operation: G1PauseCleanup
Event: 6.167 Executing VM operation: G1PauseCleanup done
Event: 6.237 Executing VM operation: G1CollectForAllocation (G1 Evacuation Pause)
Event: 6.240 Executing VM operation: G1CollectForAllocation (G1 Evacuation Pause) done
Event: 6.516 Executing VM operation: HandshakeAllThreads (Deoptimize)
Event: 6.516 Executing VM operation: HandshakeAllThreads (Deoptimize) done
Event: 6.540 Executing VM operation: HandshakeAllThreads (Deoptimize)
Event: 6.540 Executing VM operation: HandshakeAllThreads (Deoptimize) done
Event: 6.541 Executing VM operation: HandshakeAllThreads (Deoptimize)
Event: 6.541 Executing VM operation: HandshakeAllThreads (Deoptimize) done
Event: 6.552 Executing VM operation: G1CollectForAllocation (G1 Evacuation Pause)

Memory protections (0 events):
No events

Nmethod flushes (20 events):
Event: 5.139 Thread 0x0000024a3a4e1220 flushing  nmethod 0x0000024a4400c288
Event: 5.139 Thread 0x0000024a3a4e1220 flushing  nmethod 0x0000024a44025388
Event: 5.139 Thread 0x0000024a3a4e1220 flushing  nmethod 0x0000024a44025688
Event: 5.139 Thread 0x0000024a3a4e1220 flushing  nmethod 0x0000024a440c0108
Event: 5.139 Thread 0x0000024a3a4e1220 flushing  nmethod 0x0000024a440c0508
Event: 5.446 Thread 0x0000024a3a4e1220 flushing  nmethod 0x0000024a43fb8888
Event: 5.446 Thread 0x0000024a3a4e1220 flushing  nmethod 0x0000024a44160788
Event: 5.446 Thread 0x0000024a3a4e1220 flushing  nmethod 0x0000024a43ffe688
Event: 5.446 Thread 0x0000024a3a4e1220 flushing  nmethod 0x0000024a4402b108
Event: 5.446 Thread 0x0000024a3a4e1220 flushing  nmethod 0x0000024a4423c308
Event: 5.446 Thread 0x0000024a3a4e1220 flushing  nmethod 0x0000024a43b3ce08
Event: 5.446 Thread 0x0000024a3a4e1220 flushing  nmethod 0x0000024a44071f88
Event: 5.446 Thread 0x0000024a3a4e1220 flushing  nmethod 0x0000024a4421b188
Event: 5.446 Thread 0x0000024a3a4e1220 flushing  nmethod 0x0000024a4401d008
Event: 5.446 Thread 0x0000024a3a4e1220 flushing  nmethod 0x0000024a4401e088
Event: 5.446 Thread 0x0000024a3a4e1220 flushing  nmethod 0x0000024a44148788
Event: 5.446 Thread 0x0000024a3a4e1220 flushing  nmethod 0x0000024a44225708
Event: 5.446 Thread 0x0000024a3a4e1220 flushing  nmethod 0x0000024a44240808
Event: 5.446 Thread 0x0000024a3a4e1220 flushing  nmethod 0x0000024a44232e08
Event: 5.446 Thread 0x0000024a3a4e1220 flushing  nmethod 0x0000024a44234308

Events (20 events):
Event: 3.068 Thread 0x0000024a3a380cc0 Thread added: 0x0000024a95c1a710
Event: 3.261 Thread 0x0000024a3a380cc0 Thread added: 0x0000024a963f8970
Event: 3.283 Thread 0x0000024a93420030 Thread added: 0x0000024a963f8220
Event: 3.287 Thread 0x0000024a963f8220 Thread exited: 0x0000024a963f8220
Event: 3.366 Thread 0x0000024a963f8970 Thread added: 0x0000024a963f7ad0
Event: 3.795 Thread 0x0000024a93420030 Thread added: 0x0000024a969e0450
Event: 3.799 Thread 0x0000024a969e0450 Thread exited: 0x0000024a969e0450
Event: 4.312 Thread 0x0000024a93420030 Thread added: 0x0000024a974a0e30
Event: 4.316 Thread 0x0000024a974a0e30 Thread exited: 0x0000024a974a0e30
Event: 4.403 Thread 0x0000024a3a380cc0 Thread added: 0x0000024a974a4160
Event: 4.404 Thread 0x0000024a974a4160 Thread exited: 0x0000024a974a4160
Event: 4.831 Thread 0x0000024a93420030 Thread added: 0x0000024a974a5750
Event: 4.835 Thread 0x0000024a974a5750 Thread exited: 0x0000024a974a5750
Event: 5.350 Thread 0x0000024a93420030 Thread added: 0x0000024a9749f840
Event: 5.354 Thread 0x0000024a9749f840 Thread exited: 0x0000024a9749f840
Event: 5.870 Thread 0x0000024a93420030 Thread added: 0x0000024a9d0c1f60
Event: 5.874 Thread 0x0000024a9d0c1f60 Thread exited: 0x0000024a9d0c1f60
Event: 6.392 Thread 0x0000024a92a62ec0 Thread added: 0x0000024a9d0c1f60
Event: 6.395 Thread 0x0000024a9d0c1f60 Thread added: 0x0000024a9d0c26b0
Event: 6.399 Thread 0x0000024a9d0c26b0 Thread exited: 0x0000024a9d0c26b0


Dynamic libraries:
0x00007ff747070000 - 0x00007ff74707e000 	C:\Users\LapMart.lk\.jdks\openjdk-24.0.1\bin\java.exe
0x00007ffa96330000 - 0x00007ffa96547000 	C:\Windows\SYSTEM32\ntdll.dll
0x00007ffa95950000 - 0x00007ffa95a14000 	C:\Windows\System32\KERNEL32.DLL
0x00007ffa93b40000 - 0x00007ffa93f13000 	C:\Windows\System32\KERNELBASE.dll
0x00007ffa937c0000 - 0x00007ffa938d1000 	C:\Windows\System32\ucrtbase.dll
0x00007ffa8cc90000 - 0x00007ffa8ccab000 	C:\Users\LapMart.lk\.jdks\openjdk-24.0.1\bin\VCRUNTIME140.dll
0x00007ffa8e830000 - 0x00007ffa8e846000 	C:\Users\LapMart.lk\.jdks\openjdk-24.0.1\bin\jli.dll
0x00007ffa95680000 - 0x00007ffa95831000 	C:\Windows\System32\USER32.dll
0x00007ffa93420000 - 0x00007ffa93446000 	C:\Windows\System32\win32u.dll
0x00007ffa94d90000 - 0x00007ffa94db9000 	C:\Windows\System32\GDI32.dll
0x00007ffa93960000 - 0x00007ffa93a82000 	C:\Windows\System32\gdi32full.dll
0x00007ffa93f20000 - 0x00007ffa93fba000 	C:\Windows\System32\msvcp_win.dll
0x00007ffa611e0000 - 0x00007ffa6147b000 	C:\Windows\WinSxS\amd64_microsoft.windows.common-controls_6595b64144ccf1df_6.0.22621.5262_none_2712bde373830908\COMCTL32.dll
0x00007ffa93fc0000 - 0x00007ffa94067000 	C:\Windows\System32\msvcrt.dll
0x00007ffa961e0000 - 0x00007ffa96211000 	C:\Windows\System32\IMM32.DLL
0x00007ffa8ccc0000 - 0x00007ffa8cccc000 	C:\Users\LapMart.lk\.jdks\openjdk-24.0.1\bin\vcruntime140_1.dll
0x00007ffa76c00000 - 0x00007ffa76c8e000 	C:\Users\LapMart.lk\.jdks\openjdk-24.0.1\bin\msvcp140.dll
0x00007ffa1db40000 - 0x00007ffa1e8e2000 	C:\Users\LapMart.lk\.jdks\openjdk-24.0.1\bin\server\jvm.dll
0x00007ffa96120000 - 0x00007ffa961d1000 	C:\Windows\System32\ADVAPI32.dll
0x00007ffa96240000 - 0x00007ffa962e7000 	C:\Windows\System32\sechost.dll
0x00007ffa93b10000 - 0x00007ffa93b38000 	C:\Windows\System32\bcrypt.dll
0x00007ffa94c70000 - 0x00007ffa94d84000 	C:\Windows\System32\RPCRT4.dll
0x00007ffa958d0000 - 0x00007ffa95941000 	C:\Windows\System32\WS2_32.dll
0x00007ffa93140000 - 0x00007ffa9318d000 	C:\Windows\SYSTEM32\POWRPROF.dll
0x00007ffa8e780000 - 0x00007ffa8e7b4000 	C:\Windows\SYSTEM32\WINMM.dll
0x00007ffa8a430000 - 0x00007ffa8a43a000 	C:\Windows\SYSTEM32\VERSION.dll
0x00007ffa93120000 - 0x00007ffa93133000 	C:\Windows\SYSTEM32\UMPDC.dll
0x00007ffa92420000 - 0x00007ffa92438000 	C:\Windows\SYSTEM32\kernel.appcore.dll
0x00007ffa85090000 - 0x00007ffa8509a000 	C:\Users\LapMart.lk\.jdks\openjdk-24.0.1\bin\jimage.dll
0x00007ffa90860000 - 0x00007ffa90a92000 	C:\Windows\SYSTEM32\DBGHELP.DLL
0x00007ffa95d80000 - 0x00007ffa96113000 	C:\Windows\System32\combase.dll
0x00007ffa95ab0000 - 0x00007ffa95b87000 	C:\Windows\System32\OLEAUT32.dll
0x00007ffa85fc0000 - 0x00007ffa85ff2000 	C:\Windows\SYSTEM32\dbgcore.DLL
0x00007ffa93a90000 - 0x00007ffa93b0b000 	C:\Windows\System32\bcryptPrimitives.dll
0x00007ffa82a00000 - 0x00007ffa82a3c000 	C:\Users\LapMart.lk\.jdks\openjdk-24.0.1\bin\jdwp.dll
0x00007ffa85080000 - 0x00007ffa8508f000 	C:\Users\LapMart.lk\.jdks\openjdk-24.0.1\bin\instrument.dll
0x00007ffa84070000 - 0x00007ffa8408e000 	C:\Users\LapMart.lk\.jdks\openjdk-24.0.1\bin\java.dll
0x00007ffa94e30000 - 0x00007ffa94fd1000 	C:\Windows\System32\ole32.dll
0x00007ffa942f0000 - 0x00007ffa94b8d000 	C:\Windows\System32\SHELL32.dll
0x00007ffa93450000 - 0x00007ffa9358f000 	C:\Windows\System32\wintypes.dll
0x00007ffa47930000 - 0x00007ffa47b41000 	C:\Users\LapMart.lk\AppData\Local\Temp\idea_libasyncProfiler_dll_temp_folder11\libasyncProfiler.dll
0x00007ffa837f0000 - 0x00007ffa83807000 	C:\Users\LapMart.lk\.jdks\openjdk-24.0.1\bin\zip.dll
0x00007ffa91310000 - 0x00007ffa91c2d000 	C:\Windows\SYSTEM32\windows.storage.dll
0x00007ffa94180000 - 0x00007ffa9428b000 	C:\Windows\System32\SHCORE.dll
0x00007ffa94dc0000 - 0x00007ffa94e26000 	C:\Windows\System32\shlwapi.dll
0x00007ffa93350000 - 0x00007ffa9337b000 	C:\Windows\SYSTEM32\profapi.dll
0x00007ffa842e0000 - 0x00007ffa842ec000 	C:\Users\LapMart.lk\.jdks\openjdk-24.0.1\bin\dt_socket.dll
0x00007ffa91e90000 - 0x00007ffa91ebd000 	C:\Windows\SYSTEM32\IPHLPAPI.DLL
0x00007ffa92890000 - 0x00007ffa928fa000 	C:\Windows\system32\mswsock.dll
0x00007ffa85050000 - 0x00007ffa85060000 	C:\Users\LapMart.lk\.jdks\openjdk-24.0.1\bin\net.dll
0x00007ffa83bb0000 - 0x00007ffa83bc6000 	C:\Users\LapMart.lk\.jdks\openjdk-24.0.1\bin\nio.dll
0x00007ffa91f00000 - 0x00007ffa91ff8000 	C:\Windows\SYSTEM32\DNSAPI.dll
0x00007ffa94fe0000 - 0x00007ffa94fe9000 	C:\Windows\System32\NSI.dll
0x00007ffa8e9d0000 - 0x00007ffa8e9da000 	C:\Windows\System32\rasadhlp.dll
0x00007ffa8e310000 - 0x00007ffa8e393000 	C:\Windows\System32\fwpuclnt.dll
0x00007ffa83ad0000 - 0x00007ffa83ada000 	C:\Users\LapMart.lk\.jdks\openjdk-24.0.1\bin\management.dll
0x00007ffa83880000 - 0x00007ffa8388b000 	C:\Users\LapMart.lk\.jdks\openjdk-24.0.1\bin\management_ext.dll
0x00007ffa96220000 - 0x00007ffa96228000 	C:\Windows\System32\PSAPI.DLL
0x00007ffa92be0000 - 0x00007ffa92bfb000 	C:\Windows\SYSTEM32\CRYPTSP.dll
0x00007ffa92380000 - 0x00007ffa923b7000 	C:\Windows\system32\rsaenh.dll
0x00007ffa92930000 - 0x00007ffa92958000 	C:\Windows\SYSTEM32\USERENV.dll
0x00007ffa92bc0000 - 0x00007ffa92bcc000 	C:\Windows\SYSTEM32\CRYPTBASE.dll
0x00007ffa84380000 - 0x00007ffa84397000 	C:\Windows\system32\napinsp.dll
0x00007ffa813b0000 - 0x00007ffa813cb000 	C:\Windows\system32\pnrpnsp.dll
0x00007ffa51300000 - 0x00007ffa51311000 	C:\Windows\System32\winrnr.dll
0x00007ffa50d50000 - 0x00007ffa50d6f000 	C:\Windows\system32\wshbth.dll
0x00007ffa50d20000 - 0x00007ffa50d41000 	C:\Windows\system32\nlansp_c.dll
0x00007ffa83ba0000 - 0x00007ffa83ba9000 	C:\Users\LapMart.lk\.jdks\openjdk-24.0.1\bin\extnet.dll
0x00007ffa84290000 - 0x00007ffa8429e000 	C:\Users\LapMart.lk\.jdks\openjdk-24.0.1\bin\sunmscapi.dll
0x00007ffa93590000 - 0x00007ffa936f7000 	C:\Windows\System32\CRYPT32.dll
0x00007ffa92cf0000 - 0x00007ffa92d1d000 	C:\Windows\SYSTEM32\ncrypt.dll
0x00007ffa92cb0000 - 0x00007ffa92ce7000 	C:\Windows\SYSTEM32\NTASN1.dll

JVMTI agents:
jdwp path:C:\Users\LapMart.lk\.jdks\openjdk-24.0.1\bin\jdwp.dll, loaded, initialized, options:transport=dt_socket,address=127.0.0.1:52299,suspend=y,server=n
C:\Users\LapMart.lk\AppData\Local\JetBrains\IntelliJIdea2025.1\captureAgent\debugger-agent.jar path:C:\Users\LapMart.lk\.jdks\openjdk-24.0.1\bin\instrument.dll, loaded, initialized, instrumentlib options:file:///C:/Users/LapMart.lk/AppData/Local/Temp/capture6458825224699333565.props
C:\Users\LapMart.lk\AppData\Local\Temp\idea_libasyncProfiler_dll_temp_folder11\libasyncProfiler.dll path:C:\Users\LapMart.lk\AppData\Local\Temp\idea_libasyncProfiler_dll_temp_folder11\libasyncProfiler.dll, loaded, initialized, options:version,jfr,event=wall,interval=10ms,cstack=no,file=C:\Users\LapMart.lk\IdeaSnapshots\InkLinkApplication_2025_10_27_161648.jfr,dbghelppath=C:\Users\LapMart.lk\AppData\Local\Temp\idea_dbghelp_dll_temp_folder1\dbghelp.dll,log=C:\Users\LapMart.lk\AppData\Local\Temp\InkLinkApplication_2025_10_27_161648.jfr.log.txt,logLevel=DEBUG

dbghelp: loaded successfully - version: 4.0.5 - missing functions: none
symbol engine: initialized successfully - sym options: 0x614 - pdb path: .;C:\Users\LapMart.lk\.jdks\openjdk-24.0.1\bin;C:\Windows\SYSTEM32;C:\Windows\WinSxS\amd64_microsoft.windows.common-controls_6595b64144ccf1df_6.0.22621.5262_none_2712bde373830908;C:\Users\LapMart.lk\.jdks\openjdk-24.0.1\bin\server;C:\Users\LapMart.lk\AppData\Local\Temp\idea_libasyncProfiler_dll_temp_folder11

VM Arguments:
jvm_args: -agentlib:jdwp=transport=dt_socket,address=127.0.0.1:52299,suspend=y,server=n -javaagent:C:\Users\LapMart.lk\AppData\Local\JetBrains\IntelliJIdea2025.1\captureAgent\debugger-agent.jar=file:///C:/Users/LapMart.lk/AppData/Local/Temp/capture6458825224699333565.props -agentpath:C:\Users\LapMart.lk\AppData\Local\Temp\idea_libasyncProfiler_dll_temp_folder11\libasyncProfiler.dll=version,jfr,event=wall,interval=10ms,cstack=no,file=C:\Users\LapMart.lk\IdeaSnapshots\InkLinkApplication_2025_10_27_161648.jfr,dbghelppath=C:\Users\LapMart.lk\AppData\Local\Temp\idea_dbghelp_dll_temp_folder1\dbghelp.dll,log=C:\Users\LapMart.lk\AppData\Local\Temp\InkLinkApplication_2025_10_27_161648.jfr.log.txt,logLevel=DEBUG -XX:TieredStopAtLevel=1 -Dspring.output.ansi.enabled=always -Dcom.sun.management.jmxremote -Dspring.jmx.enabled=true -Dspring.liveBeansView.mbeanDomain -Dspring.application.admin.enabled=true -Dmanagement.endpoints.jmx.exposure.include=* -Dkotlinx.coroutines.debug.enable.creation.stack.trace=false -Ddebugger.agent.enable.coroutines=true -Dkotlinx.coroutines.debug.enable.flows.stack.trace=true -Dkotlinx.coroutines.debug.enable.mutable.state.flows.stack.trace=true -Dfile.encoding=UTF-8 -Dsun.stdout.encoding=UTF-8 -Dsun.stderr.encoding=UTF-8 
java_command: com.project.inklink.InkLinkApplication
java_class_path (initial): C:\Users\LapMart.lk\IdeaProjects\InkLink\target\classes;C:\Users\LapMart.lk\.m2\repository\org\springframework\boot\spring-boot-starter-web\3.5.7\spring-boot-starter-web-3.5.7.jar;C:\Users\LapMart.lk\.m2\repository\org\springframework\boot\spring-boot-starter\3.5.7\spring-boot-starter-3.5.7.jar;C:\Users\LapMart.lk\.m2\repository\org\springframework\boot\spring-boot\3.5.7\spring-boot-3.5.7.jar;C:\Users\LapMart.lk\.m2\repository\org\springframework\boot\spring-boot-autoconfigure\3.5.7\spring-boot-autoconfigure-3.5.7.jar;C:\Users\LapMart.lk\.m2\repository\org\springframework\boot\spring-boot-starter-logging\3.5.7\spring-boot-starter-logging-3.5.7.jar;C:\Users\LapMart.lk\.m2\repository\ch\qos\logback\logback-classic\1.5.20\logback-classic-1.5.20.jar;C:\Users\LapMart.lk\.m2\repository\ch\qos\logback\logback-core\1.5.20\logback-core-1.5.20.jar;C:\Users\LapMart.lk\.m2\repository\org\apache\logging\log4j\log4j-to-slf4j\2.24.3\log4j-to-slf4j-2.24.3.jar;C:\Users\LapMart.lk\.m2\repository\org\apache\logging\log4j\log4j-api\2.24.3\log4j-api-2.24.3.jar;C:\Users\LapMart.lk\.m2\repository\org\slf4j\jul-to-slf4j\2.0.17\jul-to-slf4j-2.0.17.jar;C:\Users\LapMart.lk\.m2\repository\jakarta\annotation\jakarta.annotation-api\2.1.1\jakarta.annotation-api-2.1.1.jar;C:\Users\LapMart.lk\.m2\repository\org\yaml\snakeyaml\2.4\snakeyaml-2.4.jar;C:\Users\LapMart.lk\.m2\repository\org\springframework\boot\spring-boot-starter-json\3.5.7\spring-boot-starter-json-3.5.7.jar;C:\Users\LapMart.lk\.m2\repository\com\fasterxml\jackson\core\jackson-databind\2.19.2\jackson-databind-2.19.2.jar;C:\Users\LapMart.lk\.m2\repository\com\fasterxml\jackson\core\jackson-annotations\2.19.2\jackson-annotations-2.19.2.jar;C:\Users\LapMart.lk\.m2\repository\com\fasterxml\jackson\core\jackson-core\2.19.2\jackson-core-2.19.2.jar;C:\Users\LapMart.lk\.m2\repository\com\fasterxml\jackson\datatype\jackson-datatype-jdk8\2.19.2\jackson-datatype-jdk8-2.19.2.jar;C:\Users\LapMart.lk\.m2\repository\com\fasterxml\jackson\datatype\jackson-datatype-jsr310\2.19.2\jackson-datatype-jsr310-2.19.2.jar;C:\Users\LapMart.lk\.m2\repository\com\fasterxml\jackson\module\jackson-module-parameter-names\2.19.2\jackson-module-parameter-names-2.19.2.jar;C:\Users\LapMart.lk\.m2\repository\org\springframework\boot\spring-boot-starter-tomcat\3.5.7\spring-boot-starter-tomcat-3.5.7.jar;C:\Users\LapMart.lk\.m2\repository\org\apache\tomcat\embed\tomcat-embed-core\10.1.48\tomcat-embed-core-10.1.48.jar;C:\Users\LapMart.lk\.m2\repository\org\apache\tomcat\embed\tomcat-embed-websocket\10.1.48\tomcat-embed-websocket-10.1.48.jar;C:\Users\LapMart.lk\.m2\repository\org\springframework\spring-web\6.2.12\spring-web-6.2.12.jar;C:\Users\LapMart.lk\.m2\repository\org\springframework\spring-beans\6.2.12\spring-beans-6.2.12.jar;C:\Users\LapMart.lk\.m2\repository\io\micrometer\micrometer-observation\1.15.5\micrometer-observation-1.15.5.jar;C:\Users\LapMart.lk\.m2\repository\io\micrometer\micrometer-commons\1.15.5\micrometer-commons-1.15.5.jar;C:\Users\LapMart.lk\.m2\repository\org\springframework\spring-webmvc\6.2.12\spring-webmvc-6.2.12.jar;C:\Users\LapMart.lk\.m2\repository\org\springframework\spring-context\6.2.12\spring-context-6.2.12.jar;C:\Users\LapMart.lk\.m2\repository\org\springframework\spring-expression\6.2.12\spring-expression-6.2.12.jar;C:\Users\LapMart.lk\.m2\repository\org\springframework\boot\spring-boot-starter-data-jpa\3.5.7\spring-boot-starter-data-jpa-3.5.7.jar;C:\Users\LapMart.lk\.m2\repository\org\springframework\boot\spring-boot-starter-jdbc\3.5.7\spring-boot-starter-jdbc-3.5.7.jar;C:\Users\LapMart.lk\.m2\repository\com\zaxxer\HikariCP\6.3.3\HikariCP-6.3.3.jar;C:\Users\LapMart.lk\.m2\repository\org\springframework\spring-jdbc\6.2.12\spring-jdbc-6.2.12.jar;C:\Users\LapMart.lk\.m2\repository\org\hibernate\orm\hibernate-core\6.6.33.Final\hibernate-core-6.6.33.Final.jar;C:\Users\LapMart.lk\.m2\repository\jakarta\persistence\jakarta.persistence-api\3.1.0\jakarta.persistence-api-3.1.0.jar;C:\Users\LapMart.lk\.m2\repository\jakarta\transaction\jakarta.transaction-api\2.0.1\jakarta.transaction-api-2.0.1.jar;C:\Users\LapMart.lk\.m2\repository\org\jboss\logging\jboss-logging\3.6.1.Final\jboss-logging-3.6.1.Final.jar;C:\Users\LapMart.lk\.m2\repository\org\hibernate\common\hibernate-commons-annotations\7.0.3.Final\hibernate-commons-annotations-7.0.3.Final.jar;C:\Users\LapMart.lk\.m2\repository\io\smallrye\jandex\3.2.0\jandex-3.2.0.jar;C:\Users\LapMart.lk\.m2\repository\com\fasterxml\classmate\1.7.1\classmate-1.7.1.jar;C:\Users\LapMart.lk\.m2\repository\net\bytebuddy\byte-buddy\1.17.8\byte-buddy-1.17.8.jar;C:\Users\LapMart.lk\.m2\repository\org\glassfish\jaxb\jaxb-runtime\4.0.6\jaxb-runtime-4.0.6.jar;C:\Users\LapMart.lk\.m2\repository\org\glassfish\jaxb\jaxb-core\4.0.6\jaxb-core-4.0.6.jar;C:\Users\LapMart.lk\.m2\repository\org\glassfish\jaxb\txw2\4.0.6\txw2-4.0.6.jar;C:\Users\LapMart.lk\.m2\repository\com\sun\istack\istack-commons-runtime\4.1.2\istack-commons-runtime-4.1.2.jar;C:\Users\LapMart.lk\.m2\repository\jakarta\inject\jakarta.inject-api\2.0.1\jakarta.inject-api-2.0.1.jar;C:\Users\LapMart.lk\.m2\repository\org\antlr\antlr4-runtime\4.13.0\antlr4-runtime-4.13.0.jar;C:\Users\LapMart.lk\.m2\repository\org\springframework\data\spring-data-jpa\3.5.5\spring-data-jpa-3.5.5.jar;C:\Users\LapMart.lk\.m2\repository\org\springframework\data\spring-data-commons\3.5.5\spring-data-commons-3.5.5.jar;C:\Users\LapMart.lk\.m2\repository\org\springframework\spring-orm\6.2.12\spring-orm-6.2.12.jar;C:\Users\LapMart.lk\.m2\repository\org\springframework\spring-tx\6.2.12\spring-tx-6.2.12.jar;C:\Users\LapMart.lk\.m2\repository\org\springframework\spring-aspects\6.2.12\spring-aspects-6.2.12.jar;C:\Users\LapMart.lk\.m2\repository\org\aspectj\aspectjweaver\1.9.24\aspectjweaver-1.9.24.jar;C:\Users\LapMart.lk\.m2\repository\org\springframework\boot\spring-boot-starter-security\3.5.7\spring-boot-starter-security-3.5.7.jar;C:\Users\LapMart.lk\.m2\repository\org\springframework\spring-aop\6.2.12\spring-aop-6.2.12.jar;C:\Users\LapMart.lk\.m2\repository\org\springframework\security\spring-security-config\6.5.6\spring-security-config-6.5.6.jar;C:\Users\LapMart.lk\.m2\repository\org\springframework\security\spring-security-web\6.5.6\spring-security-web-6.5.6.jar;C:\Users\LapMart.lk\.m2\repository\org\springframework\boot\spring-boot-starter-thymeleaf\3.5.7\spring-boot-starter-thymeleaf-3.5.7.jar;C:\Users\LapMart.lk\.m2\repository\org\thymeleaf\thymeleaf-spring6\3.1.3.RELEASE\thymeleaf-spring6-3.1.3.RELEASE.jar;C:\Users\LapMart.lk\.m2\repository\org\thymeleaf\thymeleaf\3.1.3.RELEASE\thymeleaf-3.1.3.RELEASE.jar;C:\Users\LapMart.lk\.m2\repository\org\attoparser\attoparser\2.0.7.RELEASE\attoparser-2.0.7.RELEASE.jar;C:\Users\LapMart.lk\.m2\repository\org\unbescape\unbescape\1.1.6.RELEASE\unbescape-1.1.6.RELEASE.jar;C:\Users\LapMart.lk\.m2\repository\org\springframework\boot\spring-boot-starter-validation\3.5.7\spring-boot-starter-validation-3.5.7.jar;C:\Users\LapMart.lk\.m2\repository\org\apache\tomcat\embed\tomcat-embed-el\10.1.48\tomcat-embed-el-10.1.48.jar;C:\Users\LapMart.lk\.m2\repository\org\hibernate\validator\hibernate-validator\8.0.3.Final\hibernate-validator-8.0.3.Final.jar;C:\Users\LapMart.lk\.m2\repository\jakarta\validation\jakarta.validation-api\3.0.2\jakarta.validation-api-3.0.2.jar;C:\Users\LapMart.lk\.m2\repository\org\thymeleaf\extras\thymeleaf-extras-springsecurity6\3.1.3.RELEASE\thymeleaf-extras-springsecurity6-3.1.3.RELEASE.jar;C:\Users\LapMart.lk\.m2\repository\org\slf4j\slf4j-api\2.0.17\slf4j-api-2.0.17.jar;C:\Users\LapMart.lk\.m2\repository\com\mysql\mysql-connector-j\9.4.0\mysql-connector-j-9.4.0.jar;C:\Users\LapMart.lk\.m2\repository\com\h2database\h2\2.3.232\h2-2.3.232.jar;C:\Users\LapMart.lk\.m2\repository\jakarta\xml\bind\jakarta.xml.bind-api\4.0.4\jakarta.xml.bind-api-4.0.4.jar;C:\Users\LapMart.lk\.m2\repository\jakarta\activation\jakarta.activation-api\2.1.4\jakarta.activation-api-2.1.4.jar;C:\Users\LapMart.lk\.m2\repository\org\springframework\spring-core\6.2.12\spring-core-6.2.12.jar;C:\Users\LapMart.lk\.m2\repository\org\springframework\spring-jcl\6.2.12\spring-jcl-6.2.12.jar;C:\Users\LapMart.lk\.m2\repository\org\springframework\security\spring-security-core\6.5.6\spring-security-core-6.5.6.jar;C:\Users\LapMart.lk\.m2\repository\org\springframework\security\spring-security-crypto\6.5.6\spring-security-crypto-6.5.6.jar;C:\Users\LapMart.lk\.m2\repository\org\springframework\boot\spring-boot-starter-mail\3.5.7\spring-boot-starter-mail-3.5.7.jar;C:\Users\LapMart.lk\.m2\repository\org\springframework\spring-context-support\6.2.12\spring-context-support-6.2.12.jar;C:\Users\LapMart.lk\.m2\repository\org\eclipse\angus\jakarta.mail\2.0.5\jakarta.mail-2.0.5.jar;C:\Users\LapMart.lk\.m2\repository\org\eclipse\angus\angus-activation\2.0.3\angus-activation-2.0.3.jar;C:\Program Files\JetBrains\IntelliJ IDEA 2025.1.4.1\lib\idea_rt.jar
Launcher Type: SUN_STANDARD

[Global flags]
     intx CICompilerCount                          = 4                                         {product} {ergonomic}
     uint ConcGCThreads                            = 3                                         {product} {ergonomic}
     uint G1ConcRefinementThreads                  = 10                                        {product} {ergonomic}
   size_t G1HeapRegionSize                         = 1048576                                   {product} {ergonomic}
   size_t InitialHeapSize                          = 130023424                                 {product} {ergonomic}
     bool ManagementServer                         = true                                      {product} {command line}
   size_t MarkStackSize                            = 4194304                                   {product} {ergonomic}
   size_t MarkStackSizeMax                         = 536870912                                 {product} {ergonomic}
   size_t MaxHeapSize                              = 2071986176                                {product} {ergonomic}
   size_t MaxNewSize                               = 1242562560                                {product} {ergonomic}
   size_t MinHeapDeltaBytes                        = 1048576                                   {product} {ergonomic}
   size_t MinHeapSize                              = 8388608                                   {product} {ergonomic}
    uintx NonNMethodCodeHeapSize                   = 4096                                   {pd product} {ergonomic}
    uintx NonProfiledCodeHeapSize                  = 0                                      {pd product} {ergonomic}
     bool ProfileInterpreter                       = false                                  {pd product} {command line}
    uintx ProfiledCodeHeapSize                     = 0                                      {pd product} {ergonomic}
   size_t SoftMaxHeapSize                          = 2071986176                             {manageable} {ergonomic}
     intx TieredStopAtLevel                        = 1                                         {product} {command line}
     bool UseCompressedOops                        = true                           {product lp64_product} {ergonomic}
     bool UseG1GC                                  = true                                      {product} {ergonomic}
     bool UseLargePagesIndividualAllocation        = false                                  {pd product} {ergonomic}

Logging:
Log output configuration:
 #0: stdout all=warning uptime,level,tags foldmultilines=false
 #1: stderr all=off uptime,level,tags foldmultilines=false

Environment Variables:
PATH=C:\Program Files (x86)\VMware\VMware Player\bin\;C:\Program Files\Common Files\Oracle\Java\javapath;C:\Windows\system32;C:\Windows;C:\Windows\System32\Wbem;C:\Windows\System32\WindowsPowerShell\v1.0\;C:\Windows\System32\OpenSSH\;C:\Program Files\Java\jdk-23\bin;C:\Program Files;C:\Program Files\php-debug-pack-8.4.5-Win32-vs17-x64;C:\Program Files\Git\cmd;C:\Users\LapMart.lk\AppData\Local\Programs\Python\Launcher\;C:\Users\LapMart.lk\AppData\Local\Microsoft\WindowsApps;C:\Program Files\MySQL\MySQL Server 8.0\bin;C:\Program Files\MySQL\MySQL Server 8.0\bin;C:\Users\LapMart.lk\AppData\Local\GitHubDesktop\bin;C:\Program Files\JetBrains\IntelliJ IDEA 2025.1.4.1\bin;;E:\VS\Microsoft VS Code\bin
USERNAME=LapMart.lk
OS=Windows_NT
PROCESSOR_IDENTIFIER=Intel64 Family 6 Model 154 Stepping 3, GenuineIntel
TMP=C:\Users\LapMart.lk\AppData\Local\Temp
TEMP=C:\Users\LapMart.lk\AppData\Local\Temp




Periodic native trim disabled

---------------  S Y S T E M  ---------------

OS:
 Windows 11 , 64 bit Build 22621 (10.0.22621.5262)
OS uptime: 48 days 2:47 hours
Hyper-V role detected

CPU: total 12 (initial active 12) (6 cores per cpu, 2 threads per core) family 6 model 154 stepping 3 microcode 0x423, cx8, cmov, fxsr, ht, mmx, 3dnowpref, sse, sse2, sse3, ssse3, sse4.1, sse4.2, popcnt, lzcnt, tsc, tscinvbit, avx, avx2, aes, erms, clmul, bmi1, bmi2, adx, sha, fma, vzeroupper, clflush, clflushopt, clwb, hv, serialize, rdtscp, rdpid, fsrm, gfni, f16c, cet_ibt, cet_ss
Processor Information for processor 0
  Max Mhz: 2000, Current Mhz: 2000, Mhz Limit: 2000
Processor Information for processor 1
  Max Mhz: 2000, Current Mhz: 2000, Mhz Limit: 2000
Processor Information for processor 2
  Max Mhz: 2000, Current Mhz: 2000, Mhz Limit: 2000
Processor Information for processor 3
  Max Mhz: 2000, Current Mhz: 2000, Mhz Limit: 2000
Processor Information for processor 4
  Max Mhz: 2000, Current Mhz: 2000, Mhz Limit: 2000
Processor Information for processor 5
  Max Mhz: 2000, Current Mhz: 2000, Mhz Limit: 2000
Processor Information for processor 6
  Max Mhz: 2000, Current Mhz: 2000, Mhz Limit: 2000
Processor Information for processor 7
  Max Mhz: 2000, Current Mhz: 2000, Mhz Limit: 2000
Processor Information for processor 8
  Max Mhz: 2000, Current Mhz: 1500, Mhz Limit: 1500
Processor Information for processor 9
  Max Mhz: 2000, Current Mhz: 1500, Mhz Limit: 1500
Processor Information for processor 10
  Max Mhz: 2000, Current Mhz: 1500, Mhz Limit: 1500
Processor Information for processor 11
  Max Mhz: 2000, Current Mhz: 1500, Mhz Limit: 1500

Memory: 4k page, system-wide physical 7896M (252M free)
TotalPageFile size 19347M (AvailPageFile size 3M)
current process WorkingSet (physical memory assigned to process): 406M, peak: 406M
current process commit charge ("private bytes"): 583M, peak: 584M

vm_info: OpenJDK 64-Bit Server VM (24.0.1+9-30) for windows-amd64 JRE (24.0.1+9-30), built on 2025-03-05T07:23:45Z with MS VC++ 17.6 (VS2022)

END.
